<ERROR_INFO>
errID:8
errStr:Undefined index: 0
errFile:IAPP_PATH/classes\order_class.php
errLine:351
errTime:15-09-10 05:48:51
<\ERROR_INFO>
<ERROR_INFO>
errID:8
errStr:Undefined offset: 0
errFile:IAPP_PATH/controllers\simple.php
errLine:1974
errTime:15-09-10 07:56:43
<\ERROR_INFO>
<ERROR_INFO>
errID:8
errStr:Undefined index: 初中七年级
errFile:IAPP_PATH/controllers\simple.php
errLine:1978
errTime:15-09-10 09:55:36
<\ERROR_INFO>
<ERROR_INFO>
errID:8
errStr:Undefined offset: 0
errFile:IAPP_PATH/controllers\simple.php
errLine:1974
errTime:15-09-10 10:24:38
<\ERROR_INFO>
<ERROR_INFO>
errID:8
errStr:Undefined offset: 0
errFile:IAPP_PATH/controllers\simple.php
errLine:1974
errTime:15-09-10 11:41:22
<\ERROR_INFO>
<ERROR_INFO>
errID:8
errStr:Undefined index: 初中七年级
errFile:IAPP_PATH/controllers\simple.php
errLine:1978
errTime:15-09-10 11:46:37
<\ERROR_INFO>
<ERROR_INFO>
errID:2
errStr:implode() [<a href='function.implode'>function.implode</a>]: Invalid arguments passed
errFile:IAPP_PATH/controllers\simple.php
errLine:1109
errTime:15-09-10 14:32:07
<\ERROR_INFO>
<ERROR_INFO>
errID:8
errStr:Undefined index: 初中七年级
errFile:IAPP_PATH/controllers\simple.php
errLine:1978
errTime:15-09-10 17:42:00
<\ERROR_INFO>
<ERROR_INFO>
errID:2
errStr:join() [<a href='function.join'>function.join</a>]: Invalid arguments passed
errFile:IAPP_PATH/controllers\goods.php
errLine:1043
errTime:15-09-10 18:26:36
<\ERROR_INFO>
<ERROR_INFO>
errID:2
errStr:join() [<a href='function.join'>function.join</a>]: Invalid arguments passed
errFile:IAPP_PATH/controllers\goods.php
errLine:1043
errTime:15-09-10 18:32:44
<\ERROR_INFO>
<ERROR_INFO>
errID:2
errStr:join() [<a href='function.join'>function.join</a>]: Invalid arguments passed
errFile:IAPP_PATH/controllers\goods.php
errLine:1043
errTime:15-09-10 18:38:24
<\ERROR_INFO>
<ERROR_INFO>
errID:2
errStr:join() [<a href='function.join'>function.join</a>]: Invalid arguments passed
errFile:IAPP_PATH/controllers\goods.php
errLine:1043
errTime:15-09-10 18:43:25
<\ERROR_INFO>
<ERROR_INFO>
errID:2
errStr:join() [<a href='function.join'>function.join</a>]: Invalid arguments passed
errFile:IAPP_PATH/controllers\goods.php
errLine:1043
errTime:15-09-10 18:45:45
<\ERROR_INFO>
<ERROR_INFO>
errID:2
errStr:join() [<a href='function.join'>function.join</a>]: Invalid arguments passed
errFile:IAPP_PATH/controllers\goods.php
errLine:1043
errTime:15-09-10 18:50:21
<\ERROR_INFO>
<ERROR_INFO>
errID:2
errStr:join() [<a href='function.join'>function.join</a>]: Invalid arguments passed
errFile:IAPP_PATH/controllers\goods.php
errLine:1043
errTime:15-09-10 18:52:40
<\ERROR_INFO>
<ERROR_INFO>
errID:2
errStr:join() [<a href='function.join'>function.join</a>]: Invalid arguments passed
errFile:IAPP_PATH/controllers\goods.php
errLine:1043
errTime:15-09-10 18:54:20
<\ERROR_INFO>
<ERROR_INFO>
errID:2
errStr:join() [<a href='function.join'>function.join</a>]: Invalid arguments passed
errFile:IAPP_PATH/controllers\goods.php
errLine:1043
errTime:15-09-10 18:56:37
<\ERROR_INFO>
<ERROR_INFO>
errID:2
errStr:join() [<a href='function.join'>function.join</a>]: Invalid arguments passed
errFile:IAPP_PATH/controllers\goods.php
errLine:1043
errTime:15-09-10 18:59:29
<\ERROR_INFO>
<ERROR_INFO>
errID:8
errStr:Undefined index: 初中七年级
errFile:IAPP_PATH/controllers\simple.php
errLine:1978
errTime:15-09-10 19:27:08
<\ERROR_INFO>
<ERROR_INFO>
errID:2
errStr:implode() [<a href='function.implode'>function.implode</a>]: Invalid arguments passed
errFile:IAPP_PATH/controllers\simple.php
errLine:1109
errTime:15-09-10 20:49:37
<\ERROR_INFO>
<ERROR_INFO>
errID:8
errStr:Undefined offset: 0
errFile:IAPP_PATH/controllers\simple.php
errLine:1974
errTime:15-09-10 21:01:05
<\ERROR_INFO>
<ERROR_INFO>
errID:8
errStr:Undefined offset: 0
errFile:IAPP_PATH/controllers\simple.php
errLine:1974
errTime:15-09-10 21:15:08
<\ERROR_INFO>
<ERROR_INFO>
errID:8
errStr:Undefined offset: 0
errFile:IAPP_PATH/controllers\simple.php
errLine:1974
errTime:15-09-10 21:20:32
<\ERROR_INFO>
<ERROR_INFO>
errID:8
errStr:Undefined index: 初中七年级
errFile:IAPP_PATH/controllers\simple.php
errLine:1978
errTime:15-09-10 21:22:51
<\ERROR_INFO>
<ERROR_INFO>
errID:8
errStr:Undefined index: 初中七年级
errFile:IAPP_PATH/controllers\simple.php
errLine:1978
errTime:15-09-10 21:30:24
<\ERROR_INFO>
<ERROR_INFO>
errID:8
errStr:Undefined index: 初中九年级
errFile:IAPP_PATH/controllers\simple.php
errLine:1978
errTime:15-09-10 21:34:00
<\ERROR_INFO>
<ERROR_INFO>
errID:8
errStr:Undefined index: 初中七年级
errFile:IAPP_PATH/controllers\simple.php
errLine:1978
errTime:15-09-10 21:38:58
<\ERROR_INFO>
<ERROR_INFO>
errID:8
errStr:Undefined index: 初中七年级
errFile:IAPP_PATH/controllers\simple.php
errLine:1978
errTime:15-09-10 21:55:21
<\ERROR_INFO>
<ERROR_INFO>
errID:8
errStr:Undefined offset: 0
errFile:IAPP_PATH/controllers\simple.php
errLine:1977
errTime:15-09-10 21:59:53
<\ERROR_INFO>
<ERROR_INFO>
Mess: select  o.order_no,o.create_time,u.username,c.* from sunup_refundment_doc as c  left join sunup_order  as o on c.order_id=o.id left join sunup_user  as u on u.id = c.user_id where c.id=27 and seller_id = 8    limit 1000
 -- Column 'seller_id' in where clause is ambiguous
Line: 99
File: IWEB_PATH/db\driver\mysqli_class.php
##Debug_backtrace:##
	Func:read           	Class:IMysqli        	Type:->   	Line:67   	File:IWEB_PATH/db\driver\mysqli_class.php
	Func:doSql          	Class:IMysqli        	Type:->   	Line:87   	File:IWEB_PATH/db\db_class.php
	Func:query          	Class:IDB            	Type:->   	Line:166  	File:IWEB_PATH/core\query_class.php
	Func:find           	Class:IQuery         	Type:->   	Line:945  	File:IAPP_PATH/controllers\seller.php
	Func:refundment_show	Class:Seller         	Type:->   	Line:24   	File:IWEB_PATH/web\action\inline_action.php
	Func:run            	Class:IInlineAction  	Type:->   	Line:137  	File:IWEB_PATH/web\controller\controller_class.php
	Func:run            	Class:IController    	Type:->   	Line:29   	File:IWEB_PATH/core\webapplication_class.php
	Func:execRequest    	Class:IWebApplication	Type:->   	Line:108  	File:IWEB_PATH/core\application_class.php
	Func:run            	Class:IApplication   	Type:->   	Line:5    	File:IAPP_PATH/index.php
</ERROR_INFO>
<ERROR_INFO>
Mess: select  o.order_no,o.create_time,u.username,c.* from sunup_refundment_doc as c  left join sunup_order  as o on c.order_id=o.id left join sunup_user  as u on u.id = c.user_id where c.id=27 and seller_id = 8    limit 1000
 -- Column 'seller_id' in where clause is ambiguous
Line: 99
File: IWEB_PATH/db\driver\mysqli_class.php
##Debug_backtrace:##
	Func:read           	Class:IMysqli        	Type:->   	Line:67   	File:IWEB_PATH/db\driver\mysqli_class.php
	Func:doSql          	Class:IMysqli        	Type:->   	Line:87   	File:IWEB_PATH/db\db_class.php
	Func:query          	Class:IDB            	Type:->   	Line:166  	File:IWEB_PATH/core\query_class.php
	Func:find           	Class:IQuery         	Type:->   	Line:945  	File:IAPP_PATH/controllers\seller.php
	Func:refundment_show	Class:Seller         	Type:->   	Line:24   	File:IWEB_PATH/web\action\inline_action.php
	Func:run            	Class:IInlineAction  	Type:->   	Line:137  	File:IWEB_PATH/web\controller\controller_class.php
	Func:run            	Class:IController    	Type:->   	Line:29   	File:IWEB_PATH/core\webapplication_class.php
	Func:execRequest    	Class:IWebApplication	Type:->   	Line:108  	File:IWEB_PATH/core\application_class.php
	Func:run            	Class:IApplication   	Type:->   	Line:5    	File:IAPP_PATH/index.php
</ERROR_INFO>
<ERROR_INFO>
Mess: select  o.order_no,o.create_time,u.username,c.* from sunup_refundment_doc as c  left join sunup_order  as o on c.order_id=o.id left join sunup_user  as u on u.id = c.user_id where c.id=27 and seller_id = 8    limit 1000
 -- Column 'seller_id' in where clause is ambiguous
Line: 99
File: IWEB_PATH/db\driver\mysqli_class.php
##Debug_backtrace:##
	Func:read           	Class:IMysqli        	Type:->   	Line:67   	File:IWEB_PATH/db\driver\mysqli_class.php
	Func:doSql          	Class:IMysqli        	Type:->   	Line:87   	File:IWEB_PATH/db\db_class.php
	Func:query          	Class:IDB            	Type:->   	Line:166  	File:IWEB_PATH/core\query_class.php
	Func:find           	Class:IQuery         	Type:->   	Line:945  	File:IAPP_PATH/controllers\seller.php
	Func:refundment_show	Class:Seller         	Type:->   	Line:24   	File:IWEB_PATH/web\action\inline_action.php
	Func:run            	Class:IInlineAction  	Type:->   	Line:137  	File:IWEB_PATH/web\controller\controller_class.php
	Func:run            	Class:IController    	Type:->   	Line:29   	File:IWEB_PATH/core\webapplication_class.php
	Func:execRequest    	Class:IWebApplication	Type:->   	Line:108  	File:IWEB_PATH/core\application_class.php
	Func:run            	Class:IApplication   	Type:->   	Line:5    	File:IAPP_PATH/index.php
</ERROR_INFO>
<ERROR_INFO>
Mess: select  o.order_no,o.create_time,u.username,c.* from sunup_refundment_doc as c  left join sunup_order  as o on c.order_id=o.id left join sunup_user  as u on u.id = c.user_id where c.id=27 and seller_id = 8    limit 1000
 -- Column 'seller_id' in where clause is ambiguous
Line: 99
File: IWEB_PATH/db\driver\mysqli_class.php
##Debug_backtrace:##
	Func:read           	Class:IMysqli        	Type:->   	Line:67   	File:IWEB_PATH/db\driver\mysqli_class.php
	Func:doSql          	Class:IMysqli        	Type:->   	Line:87   	File:IWEB_PATH/db\db_class.php
	Func:query          	Class:IDB            	Type:->   	Line:166  	File:IWEB_PATH/core\query_class.php
	Func:find           	Class:IQuery         	Type:->   	Line:945  	File:IAPP_PATH/controllers\seller.php
	Func:refundment_show	Class:Seller         	Type:->   	Line:24   	File:IWEB_PATH/web\action\inline_action.php
	Func:run            	Class:IInlineAction  	Type:->   	Line:137  	File:IWEB_PATH/web\controller\controller_class.php
	Func:run            	Class:IController    	Type:->   	Line:29   	File:IWEB_PATH/core\webapplication_class.php
	Func:execRequest    	Class:IWebApplication	Type:->   	Line:108  	File:IWEB_PATH/core\application_class.php
	Func:run            	Class:IApplication   	Type:->   	Line:5    	File:IAPP_PATH/index.php
</ERROR_INFO>
<ERROR_INFO>
Mess: select  o.order_no,o.create_time,u.username,c.* from sunup_refundment_doc as c  left join sunup_order  as o on c.order_id=o.id left join sunup_user  as u on u.id = c.user_id where c.id=1 and seller_id = 8    limit 1000
 -- Column 'seller_id' in where clause is ambiguous
Line: 99
File: IWEB_PATH/db\driver\mysqli_class.php
##Debug_backtrace:##
	Func:read           	Class:IMysqli        	Type:->   	Line:67   	File:IWEB_PATH/db\driver\mysqli_class.php
	Func:doSql          	Class:IMysqli        	Type:->   	Line:87   	File:IWEB_PATH/db\db_class.php
	Func:query          	Class:IDB            	Type:->   	Line:166  	File:IWEB_PATH/core\query_class.php
	Func:find           	Class:IQuery         	Type:->   	Line:945  	File:IAPP_PATH/controllers\seller.php
	Func:refundment_show	Class:Seller         	Type:->   	Line:24   	File:IWEB_PATH/web\action\inline_action.php
	Func:run            	Class:IInlineAction  	Type:->   	Line:137  	File:IWEB_PATH/web\controller\controller_class.php
	Func:run            	Class:IController    	Type:->   	Line:29   	File:IWEB_PATH/core\webapplication_class.php
	Func:execRequest    	Class:IWebApplication	Type:->   	Line:108  	File:IWEB_PATH/core\application_class.php
	Func:run            	Class:IApplication   	Type:->   	Line:5    	File:IAPP_PATH/index.php
</ERROR_INFO>
<ERROR_INFO>
errID:8
errStr:Undefined offset: 0
errFile:IAPP_PATH/controllers\simple.php
errLine:1975
errTime:15-09-10 23:22:45
<\ERROR_INFO>
<ERROR_INFO>
errID:8
errStr:Undefined offset: 0
errFile:IAPP_PATH/controllers\simple.php
errLine:1976
errTime:15-09-10 23:23:36
<\ERROR_INFO>
<ERROR_INFO>
errID:8
errStr:Undefined offset: 0
errFile:IAPP_PATH/controllers\simple.php
errLine:1976
errTime:15-09-10 23:23:57
<\ERROR_INFO>
