<ERROR_INFO>
errID:8
errStr:Undefined index: 初中九年级
errFile:IAPP_PATH/controllers\simple.php
errLine:1978
errTime:15-09-24 06:16:04
<\ERROR_INFO>
<ERROR_INFO>
errID:8
errStr:Undefined index: 初中七年级
errFile:IAPP_PATH/controllers\simple.php
errLine:1978
errTime:15-09-24 06:24:57
<\ERROR_INFO>
<ERROR_INFO>
errID:8
errStr:Undefined index: name
errFile:IAPP_PATH/runtime\default\site\pic_show.php
errLine:38
errTime:15-09-24 09:55:43
<\ERROR_INFO>
<ERROR_INFO>
errID:8
errStr:Undefined offset: 0
errFile:IAPP_PATH/controllers\simple.php
errLine:1974
errTime:15-09-24 10:10:49
<\ERROR_INFO>
<ERROR_INFO>
errID:8
errStr:Undefined offset: 0
errFile:IAPP_PATH/controllers\simple.php
errLine:1974
errTime:15-09-24 10:14:28
<\ERROR_INFO>
<ERROR_INFO>
errID:2
errStr:implode() [<a href='function.implode'>function.implode</a>]: Invalid arguments passed
errFile:IAPP_PATH/controllers\simple.php
errLine:1109
errTime:15-09-24 11:25:41
<\ERROR_INFO>
<ERROR_INFO>
errID:2
errStr:implode() [<a href='function.implode'>function.implode</a>]: Invalid arguments passed
errFile:IAPP_PATH/controllers\simple.php
errLine:1109
errTime:15-09-24 11:28:24
<\ERROR_INFO>
<ERROR_INFO>
errID:2
errStr:implode() [<a href='function.implode'>function.implode</a>]: Invalid arguments passed
errFile:IAPP_PATH/controllers\simple.php
errLine:1109
errTime:15-09-24 11:34:07
<\ERROR_INFO>
<ERROR_INFO>
errID:8
errStr:Undefined index: 初中九年级
errFile:IAPP_PATH/controllers\simple.php
errLine:1978
errTime:15-09-24 11:49:30
<\ERROR_INFO>
<ERROR_INFO>
errID:2
errStr:implode() [<a href='function.implode'>function.implode</a>]: Invalid arguments passed
errFile:IAPP_PATH/controllers\simple.php
errLine:1109
errTime:15-09-24 11:50:56
<\ERROR_INFO>
<ERROR_INFO>
errID:8
errStr:Undefined index: seller_id
errFile:IAPP_PATH/controllers\simple.php
errLine:1043
errTime:15-09-24 13:42:26
<\ERROR_INFO>
<ERROR_INFO>
errID:8
errStr:Undefined index: file
errFile:IWEB_PATH/core\util\exception_class.php
errLine:97
errTime:15-09-24 13:57:13
<\ERROR_INFO>
<ERROR_INFO>
errID:8
errStr:Undefined offset: 0
errFile:IAPP_PATH/controllers\simple.php
errLine:1977
errTime:15-09-24 19:12:09
<\ERROR_INFO>
<ERROR_INFO>
errID:2
errStr:implode() [<a href='function.implode'>function.implode</a>]: Invalid arguments passed
errFile:IAPP_PATH/controllers\simple.php
errLine:1109
errTime:15-09-24 19:18:06
<\ERROR_INFO>
<ERROR_INFO>
errID:8
errStr:Undefined offset: 0
errFile:IAPP_PATH/controllers\simple.php
errLine:1977
errTime:15-09-24 19:21:20
<\ERROR_INFO>
<ERROR_INFO>
errID:2
errStr:implode() [<a href='function.implode'>function.implode</a>]: Invalid arguments passed
errFile:IAPP_PATH/controllers\simple.php
errLine:1109
errTime:15-09-24 19:21:33
<\ERROR_INFO>
<ERROR_INFO>
errID:8
errStr:Undefined index: 初中七年级
errFile:IAPP_PATH/controllers\simple.php
errLine:1978
errTime:15-09-24 19:42:52
<\ERROR_INFO>
<ERROR_INFO>
errID:8
errStr:Undefined index: 初中七年级
errFile:IAPP_PATH/controllers\simple.php
errLine:1978
errTime:15-09-24 21:14:08
<\ERROR_INFO>
<ERROR_INFO>
errID:8
errStr:Undefined offset: 0
errFile:IAPP_PATH/controllers\simple.php
errLine:1974
errTime:15-09-24 21:39:52
<\ERROR_INFO>
<ERROR_INFO>
errID:8
errStr:Undefined index: 初中九年级
errFile:IAPP_PATH/controllers\simple.php
errLine:1978
errTime:15-09-24 22:12:31
<\ERROR_INFO>
<ERROR_INFO>
errID:2
errStr:implode() [<a href='function.implode'>function.implode</a>]: Invalid arguments passed
errFile:IAPP_PATH/controllers\simple.php
errLine:1109
errTime:15-09-24 22:12:44
<\ERROR_INFO>
<ERROR_INFO>
errID:8
errStr:Undefined index: 初中九年级
errFile:IAPP_PATH/controllers\simple.php
errLine:1978
errTime:15-09-24 22:14:20
<\ERROR_INFO>
<ERROR_INFO>
errID:8
errStr:Undefined index: 初中九年级
errFile:IAPP_PATH/controllers\simple.php
errLine:1978
errTime:15-09-24 22:23:26
<\ERROR_INFO>
<ERROR_INFO>
errID:8
errStr:Undefined index: 初中八年级
errFile:IAPP_PATH/controllers\simple.php
errLine:1978
errTime:15-09-24 22:24:05
<\ERROR_INFO>
<ERROR_INFO>
errID:8
errStr:Undefined offset: 0
errFile:IAPP_PATH/controllers\simple.php
errLine:1974
errTime:15-09-24 22:24:37
<\ERROR_INFO>
<ERROR_INFO>
errID:8
errStr:Undefined index: 初中九年级
errFile:IAPP_PATH/controllers\simple.php
errLine:1978
errTime:15-09-24 22:28:54
<\ERROR_INFO>
<ERROR_INFO>
errID:8
errStr:Undefined index: 初中九年级
errFile:IAPP_PATH/controllers\simple.php
errLine:1978
errTime:15-09-24 22:41:49
<\ERROR_INFO>
<ERROR_INFO>
errID:2
errStr:implode() [<a href='function.implode'>function.implode</a>]: Invalid arguments passed
errFile:IAPP_PATH/controllers\simple.php
errLine:1109
errTime:15-09-24 22:41:54
<\ERROR_INFO>
