<ERROR_INFO>
errID:2
errStr:join() [<a href='function.join'>function.join</a>]: Invalid arguments passed
errFile:IAPP_PATH/controllers\goods.php
errLine:1043
errTime:15-06-18 10:47:57
<\ERROR_INFO>
<ERROR_INFO>
errID:2
errStr:join() [<a href='function.join'>function.join</a>]: Invalid arguments passed
errFile:IAPP_PATH/controllers\goods.php
errLine:1043
errTime:15-06-18 11:36:00
<\ERROR_INFO>
<ERROR_INFO>
errID:2
errStr:join() [<a href='function.join'>function.join</a>]: Invalid arguments passed
errFile:IAPP_PATH/controllers\goods.php
errLine:1043
errTime:15-06-18 11:36:47
<\ERROR_INFO>
<ERROR_INFO>
errID:2
errStr:join() [<a href='function.join'>function.join</a>]: Invalid arguments passed
errFile:IAPP_PATH/controllers\goods.php
errLine:1043
errTime:15-06-18 11:37:52
<\ERROR_INFO>
<ERROR_INFO>
errID:2
errStr:join() [<a href='function.join'>function.join</a>]: Invalid arguments passed
errFile:IAPP_PATH/controllers\goods.php
errLine:1043
errTime:15-06-18 11:38:55
<\ERROR_INFO>
<ERROR_INFO>
errID:2
errStr:join() [<a href='function.join'>function.join</a>]: Invalid arguments passed
errFile:IAPP_PATH/controllers\goods.php
errLine:1043
errTime:15-06-18 11:43:05
<\ERROR_INFO>
<ERROR_INFO>
errID:2
errStr:join() [<a href='function.join'>function.join</a>]: Invalid arguments passed
errFile:IAPP_PATH/controllers\goods.php
errLine:1043
errTime:15-06-18 11:44:15
<\ERROR_INFO>
<ERROR_INFO>
errID:2
errStr:join() [<a href='function.join'>function.join</a>]: Invalid arguments passed
errFile:IAPP_PATH/controllers\goods.php
errLine:1043
errTime:15-06-18 11:45:24
<\ERROR_INFO>
<ERROR_INFO>
errID:2
errStr:join() [<a href='function.join'>function.join</a>]: Invalid arguments passed
errFile:IAPP_PATH/controllers\goods.php
errLine:1043
errTime:15-06-18 12:56:16
<\ERROR_INFO>
<ERROR_INFO>
errID:2
errStr:join() [<a href='function.join'>function.join</a>]: Invalid arguments passed
errFile:IAPP_PATH/controllers\goods.php
errLine:1043
errTime:15-06-18 12:57:28
<\ERROR_INFO>
<ERROR_INFO>
errID:2
errStr:join() [<a href='function.join'>function.join</a>]: Invalid arguments passed
errFile:IAPP_PATH/controllers\goods.php
errLine:1043
errTime:15-06-18 13:59:33
<\ERROR_INFO>
