<ERROR_INFO>
errID:8
errStr:Undefined index: img
errFile:IAPP_PATH/runtime\default\site\comments_list.php
errLine:164
errTime:15-08-08 06:06:25
<\ERROR_INFO>
<ERROR_INFO>
errID:8
errStr:Undefined index: img
errFile:IAPP_PATH/runtime\default\site\comments_list.php
errLine:164
errTime:15-08-08 06:06:28
<\ERROR_INFO>
<ERROR_INFO>
errID:8
errStr:Undefined index: img
errFile:IAPP_PATH/runtime\default\site\comments_list.php
errLine:164
errTime:15-08-08 06:06:42
<\ERROR_INFO>
<ERROR_INFO>
errID:8
errStr:Undefined index: img
errFile:IAPP_PATH/runtime\default\site\comments_list.php
errLine:164
errTime:15-08-08 06:07:14
<\ERROR_INFO>
<ERROR_INFO>
errID:8
errStr:Undefined index: img
errFile:IAPP_PATH/runtime\default\site\comments_list.php
errLine:164
errTime:15-08-08 06:07:19
<\ERROR_INFO>
<ERROR_INFO>
errID:8
errStr:Undefined index: img
errFile:IAPP_PATH/runtime\default\site\comments_list.php
errLine:164
errTime:15-08-08 06:07:23
<\ERROR_INFO>
<ERROR_INFO>
errID:8
errStr:Undefined index: name
errFile:IAPP_PATH/runtime\default\site\pic_show.php
errLine:38
errTime:15-08-08 06:18:23
<\ERROR_INFO>
<ERROR_INFO>
errID:8
errStr:Undefined index: name
errFile:IAPP_PATH/runtime\default\site\pic_show.php
errLine:38
errTime:15-08-08 06:18:27
<\ERROR_INFO>
<ERROR_INFO>
errID:8
errStr:Undefined index: name
errFile:IAPP_PATH/runtime\default\site\pic_show.php
errLine:38
errTime:15-08-08 06:18:34
<\ERROR_INFO>
<ERROR_INFO>
errID:8
errStr:Undefined index: name
errFile:IAPP_PATH/runtime\default\site\pic_show.php
errLine:38
errTime:15-08-08 06:18:37
<\ERROR_INFO>
<ERROR_INFO>
errID:8
errStr:Undefined index: name
errFile:IAPP_PATH/runtime\default\site\pic_show.php
errLine:38
errTime:15-08-08 06:18:40
<\ERROR_INFO>
<ERROR_INFO>
errID:8
errStr:Undefined index: name
errFile:IAPP_PATH/runtime\default\site\pic_show.php
errLine:38
errTime:15-08-08 06:18:43
<\ERROR_INFO>
<ERROR_INFO>
errID:2
errStr:implode() [<a href='function.implode'>function.implode</a>]: Invalid arguments passed
errFile:IAPP_PATH/controllers\simple.php
errLine:1109
errTime:15-08-08 13:22:26
<\ERROR_INFO>
