<ERROR_INFO>
errID:2
errStr:join() [<a href='function.join'>function.join</a>]: Invalid arguments passed
errFile:IAPP_PATH/controllers\goods.php
errLine:1043
errTime:15-08-18 21:54:19
<\ERROR_INFO>
<ERROR_INFO>
errID:2
errStr:join() [<a href='function.join'>function.join</a>]: Invalid arguments passed
errFile:IAPP_PATH/controllers\goods.php
errLine:1043
errTime:15-08-18 22:03:26
<\ERROR_INFO>
<ERROR_INFO>
errID:2
errStr:join() [<a href='function.join'>function.join</a>]: Invalid arguments passed
errFile:IAPP_PATH/controllers\goods.php
errLine:1043
errTime:15-08-18 22:07:44
<\ERROR_INFO>
<ERROR_INFO>
errID:2
errStr:join() [<a href='function.join'>function.join</a>]: Invalid arguments passed
errFile:IAPP_PATH/controllers\goods.php
errLine:1043
errTime:15-08-18 22:28:22
<\ERROR_INFO>
<ERROR_INFO>
errID:2
errStr:join() [<a href='function.join'>function.join</a>]: Invalid arguments passed
errFile:IAPP_PATH/controllers\goods.php
errLine:1043
errTime:15-08-18 22:30:22
<\ERROR_INFO>
<ERROR_INFO>
errID:2
errStr:join() [<a href='function.join'>function.join</a>]: Invalid arguments passed
errFile:IAPP_PATH/controllers\goods.php
errLine:1043
errTime:15-08-18 22:33:10
<\ERROR_INFO>
<ERROR_INFO>
errID:2
errStr:join() [<a href='function.join'>function.join</a>]: Invalid arguments passed
errFile:IAPP_PATH/controllers\goods.php
errLine:1043
errTime:15-08-18 22:35:43
<\ERROR_INFO>
<ERROR_INFO>
errID:2
errStr:join() [<a href='function.join'>function.join</a>]: Invalid arguments passed
errFile:IAPP_PATH/controllers\goods.php
errLine:1043
errTime:15-08-18 22:38:09
<\ERROR_INFO>
<ERROR_INFO>
errID:2
errStr:join() [<a href='function.join'>function.join</a>]: Invalid arguments passed
errFile:IAPP_PATH/controllers\goods.php
errLine:1043
errTime:15-08-18 22:38:32
<\ERROR_INFO>
<ERROR_INFO>
errID:2
errStr:join() [<a href='function.join'>function.join</a>]: Invalid arguments passed
errFile:IAPP_PATH/controllers\goods.php
errLine:1043
errTime:15-08-18 22:38:54
<\ERROR_INFO>
<ERROR_INFO>
errID:2
errStr:join() [<a href='function.join'>function.join</a>]: Invalid arguments passed
errFile:IAPP_PATH/controllers\goods.php
errLine:1043
errTime:15-08-18 22:42:01
<\ERROR_INFO>
<ERROR_INFO>
errID:2
errStr:join() [<a href='function.join'>function.join</a>]: Invalid arguments passed
errFile:IAPP_PATH/controllers\goods.php
errLine:1043
errTime:15-08-18 22:45:30
<\ERROR_INFO>
<ERROR_INFO>
errID:2
errStr:join() [<a href='function.join'>function.join</a>]: Invalid arguments passed
errFile:IAPP_PATH/controllers\goods.php
errLine:1043
errTime:15-08-18 22:48:22
<\ERROR_INFO>
