<ERROR_INFO>
errID:8
errStr:Undefined index: img
errFile:IAPP_PATH/runtime\default\site\comments_list.php
errLine:164
errTime:15-09-21 08:20:04
<\ERROR_INFO>
<ERROR_INFO>
errID:8
errStr:Undefined index: 初中七年级
errFile:IAPP_PATH/controllers\simple.php
errLine:1978
errTime:15-09-21 09:46:13
<\ERROR_INFO>
<ERROR_INFO>
errID:8
errStr:Undefined index: 初中七年级
errFile:IAPP_PATH/controllers\simple.php
errLine:1978
errTime:15-09-21 09:48:57
<\ERROR_INFO>
<ERROR_INFO>
errID:8
errStr:Undefined index: 初中七年级
errFile:IAPP_PATH/controllers\simple.php
errLine:1978
errTime:15-09-21 09:50:31
<\ERROR_INFO>
<ERROR_INFO>
errID:8
errStr:Undefined index: 初中七年级
errFile:IAPP_PATH/controllers\simple.php
errLine:1978
errTime:15-09-21 09:51:49
<\ERROR_INFO>
<ERROR_INFO>
errID:8
errStr:Undefined index: 初中七年级
errFile:IAPP_PATH/controllers\simple.php
errLine:1978
errTime:15-09-21 09:53:12
<\ERROR_INFO>
<ERROR_INFO>
errID:8
errStr:Undefined index: 初中九年级
errFile:IAPP_PATH/controllers\simple.php
errLine:1978
errTime:15-09-21 12:42:57
<\ERROR_INFO>
<ERROR_INFO>
errID:2
errStr:implode() [<a href='function.implode'>function.implode</a>]: Invalid arguments passed
errFile:IAPP_PATH/controllers\simple.php
errLine:1109
errTime:15-09-21 12:43:07
<\ERROR_INFO>
<ERROR_INFO>
errID:8
errStr:Undefined index: 初中九年级
errFile:IAPP_PATH/controllers\simple.php
errLine:1978
errTime:15-09-21 14:33:25
<\ERROR_INFO>
<ERROR_INFO>
errID:8
errStr:Undefined index: 初中九年级
errFile:IAPP_PATH/controllers\simple.php
errLine:1978
errTime:15-09-21 14:38:00
<\ERROR_INFO>
<ERROR_INFO>
errID:8
errStr:Undefined index: 初中九年级
errFile:IAPP_PATH/controllers\simple.php
errLine:1978
errTime:15-09-21 14:42:47
<\ERROR_INFO>
<ERROR_INFO>
errID:2
errStr:implode() [<a href='function.implode'>function.implode</a>]: Invalid arguments passed
errFile:IAPP_PATH/controllers\simple.php
errLine:1109
errTime:15-09-21 14:42:56
<\ERROR_INFO>
<ERROR_INFO>
errID:2
errStr:implode() [<a href='function.implode'>function.implode</a>]: Invalid arguments passed
errFile:IAPP_PATH/controllers\simple.php
errLine:1109
errTime:15-09-21 14:44:52
<\ERROR_INFO>
<ERROR_INFO>
errID:8
errStr:Undefined index: 初中九年级
errFile:IAPP_PATH/controllers\simple.php
errLine:1978
errTime:15-09-21 14:57:47
<\ERROR_INFO>
<ERROR_INFO>
errID:2
errStr:implode() [<a href='function.implode'>function.implode</a>]: Invalid arguments passed
errFile:IAPP_PATH/controllers\simple.php
errLine:1109
errTime:15-09-21 14:57:53
<\ERROR_INFO>
<ERROR_INFO>
errID:8
errStr:Undefined index: 初中九年级
errFile:IAPP_PATH/controllers\simple.php
errLine:1978
errTime:15-09-21 15:00:27
<\ERROR_INFO>
<ERROR_INFO>
errID:2
errStr:implode() [<a href='function.implode'>function.implode</a>]: Invalid arguments passed
errFile:IAPP_PATH/controllers\simple.php
errLine:1109
errTime:15-09-21 15:00:32
<\ERROR_INFO>
<ERROR_INFO>
errID:8
errStr:Undefined index: 初中八年级
errFile:IAPP_PATH/controllers\simple.php
errLine:1978
errTime:15-09-21 19:54:22
<\ERROR_INFO>
<ERROR_INFO>
errID:8
errStr:Undefined index: file
errFile:IWEB_PATH/core\util\exception_class.php
errLine:97
errTime:15-09-21 21:39:51
<\ERROR_INFO>
<ERROR_INFO>
errID:8
errStr:Undefined index: 初中九年级
errFile:IAPP_PATH/controllers\simple.php
errLine:1978
errTime:15-09-21 21:41:11
<\ERROR_INFO>
<ERROR_INFO>
errID:8
errStr:Undefined offset: 0
errFile:IAPP_PATH/controllers\simple.php
errLine:1974
errTime:15-09-21 21:41:41
<\ERROR_INFO>
<ERROR_INFO>
errID:2
errStr:implode() [<a href='function.implode'>function.implode</a>]: Invalid arguments passed
errFile:IAPP_PATH/controllers\simple.php
errLine:1109
errTime:15-09-21 21:45:03
<\ERROR_INFO>
<ERROR_INFO>
errID:8
errStr:Undefined index: 初中九年级
errFile:IAPP_PATH/controllers\simple.php
errLine:1978
errTime:15-09-21 21:45:13
<\ERROR_INFO>
<ERROR_INFO>
errID:2
errStr:implode() [<a href='function.implode'>function.implode</a>]: Invalid arguments passed
errFile:IAPP_PATH/controllers\simple.php
errLine:1109
errTime:15-09-21 21:48:26
<\ERROR_INFO>
<ERROR_INFO>
errID:2
errStr:implode() [<a href='function.implode'>function.implode</a>]: Invalid arguments passed
errFile:IAPP_PATH/controllers\simple.php
errLine:1109
errTime:15-09-21 21:49:58
<\ERROR_INFO>
<ERROR_INFO>
errID:8
errStr:Undefined index: 初中九年级
errFile:IAPP_PATH/controllers\simple.php
errLine:1978
errTime:15-09-21 21:52:34
<\ERROR_INFO>
<ERROR_INFO>
errID:8
errStr:Undefined index: 初中九年级
errFile:IAPP_PATH/controllers\simple.php
errLine:1978
errTime:15-09-21 21:52:49
<\ERROR_INFO>
<ERROR_INFO>
errID:8
errStr:Undefined offset: 0
errFile:IAPP_PATH/controllers\simple.php
errLine:1974
errTime:15-09-21 21:53:31
<\ERROR_INFO>
<ERROR_INFO>
errID:8
errStr:Undefined index: 初中九年级
errFile:IAPP_PATH/controllers\simple.php
errLine:1978
errTime:15-09-21 21:53:34
<\ERROR_INFO>
<ERROR_INFO>
errID:8
errStr:Undefined index: 初中九年级
errFile:IAPP_PATH/controllers\simple.php
errLine:1978
errTime:15-09-21 21:53:47
<\ERROR_INFO>
<ERROR_INFO>
errID:2
errStr:implode() [<a href='function.implode'>function.implode</a>]: Invalid arguments passed
errFile:IAPP_PATH/controllers\simple.php
errLine:1109
errTime:15-09-21 21:54:08
<\ERROR_INFO>
<ERROR_INFO>
errID:2
errStr:implode() [<a href='function.implode'>function.implode</a>]: Invalid arguments passed
errFile:IAPP_PATH/controllers\simple.php
errLine:1109
errTime:15-09-21 21:54:21
<\ERROR_INFO>
<ERROR_INFO>
errID:8
errStr:Undefined offset: 0
errFile:IAPP_PATH/controllers\simple.php
errLine:1975
errTime:15-09-21 21:55:41
<\ERROR_INFO>
<ERROR_INFO>
errID:2
errStr:implode() [<a href='function.implode'>function.implode</a>]: Invalid arguments passed
errFile:IAPP_PATH/controllers\simple.php
errLine:1109
errTime:15-09-21 21:57:04
<\ERROR_INFO>
<ERROR_INFO>
errID:8
errStr:Undefined index: 初中九年级
errFile:IAPP_PATH/controllers\simple.php
errLine:1978
errTime:15-09-21 21:57:15
<\ERROR_INFO>
<ERROR_INFO>
errID:2
errStr:implode() [<a href='function.implode'>function.implode</a>]: Invalid arguments passed
errFile:IAPP_PATH/controllers\simple.php
errLine:1109
errTime:15-09-21 21:57:54
<\ERROR_INFO>
<ERROR_INFO>
errID:8
errStr:Undefined offset: 0
errFile:IAPP_PATH/controllers\simple.php
errLine:1974
errTime:15-09-21 21:58:23
<\ERROR_INFO>
<ERROR_INFO>
errID:8
errStr:Undefined index: 初中九年级
errFile:IAPP_PATH/controllers\simple.php
errLine:1978
errTime:15-09-21 21:59:56
<\ERROR_INFO>
<ERROR_INFO>
errID:2
errStr:implode() [<a href='function.implode'>function.implode</a>]: Invalid arguments passed
errFile:IAPP_PATH/controllers\simple.php
errLine:1109
errTime:15-09-21 22:00:16
<\ERROR_INFO>
<ERROR_INFO>
errID:8
errStr:Undefined index: 初中九年级
errFile:IAPP_PATH/controllers\simple.php
errLine:1978
errTime:15-09-21 22:01:44
<\ERROR_INFO>
<ERROR_INFO>
errID:8
errStr:Undefined index: 初中九年级
errFile:IAPP_PATH/controllers\simple.php
errLine:1978
errTime:15-09-21 22:03:07
<\ERROR_INFO>
<ERROR_INFO>
errID:8
errStr:Undefined index: 初中九年级
errFile:IAPP_PATH/controllers\simple.php
errLine:1978
errTime:15-09-21 22:03:17
<\ERROR_INFO>
<ERROR_INFO>
errID:2
errStr:implode() [<a href='function.implode'>function.implode</a>]: Invalid arguments passed
errFile:IAPP_PATH/controllers\simple.php
errLine:1109
errTime:15-09-21 22:03:51
<\ERROR_INFO>
<ERROR_INFO>
errID:8
errStr:Undefined index: 初中九年级
errFile:IAPP_PATH/controllers\simple.php
errLine:1978
errTime:15-09-21 22:06:53
<\ERROR_INFO>
<ERROR_INFO>
errID:8
errStr:Undefined index: 初中九年级
errFile:IAPP_PATH/controllers\simple.php
errLine:1978
errTime:15-09-21 22:09:50
<\ERROR_INFO>
<ERROR_INFO>
errID:8
errStr:Undefined index: 初中九年级
errFile:IAPP_PATH/controllers\simple.php
errLine:1978
errTime:15-09-21 22:10:39
<\ERROR_INFO>
<ERROR_INFO>
errID:2
errStr:implode() [<a href='function.implode'>function.implode</a>]: Invalid arguments passed
errFile:IAPP_PATH/controllers\simple.php
errLine:1109
errTime:15-09-21 22:11:07
<\ERROR_INFO>
<ERROR_INFO>
errID:8
errStr:Undefined index: 初中九年级
errFile:IAPP_PATH/controllers\simple.php
errLine:1978
errTime:15-09-21 22:11:24
<\ERROR_INFO>
<ERROR_INFO>
errID:8
errStr:Undefined offset: 0
errFile:IAPP_PATH/controllers\simple.php
errLine:1974
errTime:15-09-21 22:13:34
<\ERROR_INFO>
<ERROR_INFO>
errID:8
errStr:Undefined index: 初中九年级
errFile:IAPP_PATH/controllers\simple.php
errLine:1978
errTime:15-09-21 22:15:13
<\ERROR_INFO>
<ERROR_INFO>
errID:2
errStr:implode() [<a href='function.implode'>function.implode</a>]: Invalid arguments passed
errFile:IAPP_PATH/controllers\simple.php
errLine:1109
errTime:15-09-21 22:16:56
<\ERROR_INFO>
<ERROR_INFO>
errID:2
errStr:implode() [<a href='function.implode'>function.implode</a>]: Invalid arguments passed
errFile:IAPP_PATH/controllers\simple.php
errLine:1109
errTime:15-09-21 22:19:25
<\ERROR_INFO>
<ERROR_INFO>
errID:8
errStr:Undefined index: 初中九年级
errFile:IAPP_PATH/controllers\simple.php
errLine:1978
errTime:15-09-21 22:19:46
<\ERROR_INFO>
<ERROR_INFO>
errID:8
errStr:Undefined index: 初中九年级
errFile:IAPP_PATH/controllers\simple.php
errLine:1978
errTime:15-09-21 22:20:56
<\ERROR_INFO>
<ERROR_INFO>
errID:8
errStr:Undefined index: 初中九年级
errFile:IAPP_PATH/controllers\simple.php
errLine:1978
errTime:15-09-21 22:21:34
<\ERROR_INFO>
<ERROR_INFO>
errID:2
errStr:implode() [<a href='function.implode'>function.implode</a>]: Invalid arguments passed
errFile:IAPP_PATH/controllers\simple.php
errLine:1109
errTime:15-09-21 22:22:36
<\ERROR_INFO>
<ERROR_INFO>
errID:2
errStr:implode() [<a href='function.implode'>function.implode</a>]: Invalid arguments passed
errFile:IAPP_PATH/controllers\simple.php
errLine:1109
errTime:15-09-21 22:22:38
<\ERROR_INFO>
<ERROR_INFO>
errID:2
errStr:implode() [<a href='function.implode'>function.implode</a>]: Invalid arguments passed
errFile:IAPP_PATH/controllers\simple.php
errLine:1109
errTime:15-09-21 22:22:39
<\ERROR_INFO>
<ERROR_INFO>
errID:8
errStr:Undefined index: 初中九年级
errFile:IAPP_PATH/controllers\simple.php
errLine:1978
errTime:15-09-21 22:22:48
<\ERROR_INFO>
<ERROR_INFO>
errID:2
errStr:implode() [<a href='function.implode'>function.implode</a>]: Invalid arguments passed
errFile:IAPP_PATH/controllers\simple.php
errLine:1109
errTime:15-09-21 22:23:01
<\ERROR_INFO>
<ERROR_INFO>
errID:8
errStr:Undefined index: 初中九年级
errFile:IAPP_PATH/controllers\simple.php
errLine:1978
errTime:15-09-21 22:23:23
<\ERROR_INFO>
<ERROR_INFO>
errID:8
errStr:Undefined index: 初中九年级
errFile:IAPP_PATH/controllers\simple.php
errLine:1978
errTime:15-09-21 22:24:04
<\ERROR_INFO>
<ERROR_INFO>
errID:2
errStr:implode() [<a href='function.implode'>function.implode</a>]: Invalid arguments passed
errFile:IAPP_PATH/controllers\simple.php
errLine:1109
errTime:15-09-21 22:25:03
<\ERROR_INFO>
<ERROR_INFO>
errID:8
errStr:Undefined index: 初中九年级
errFile:IAPP_PATH/controllers\simple.php
errLine:1978
errTime:15-09-21 22:25:49
<\ERROR_INFO>
<ERROR_INFO>
errID:8
errStr:Undefined index: 初中八年级
errFile:IAPP_PATH/controllers\simple.php
errLine:1978
errTime:15-09-21 22:26:00
<\ERROR_INFO>
<ERROR_INFO>
errID:2
errStr:implode() [<a href='function.implode'>function.implode</a>]: Invalid arguments passed
errFile:IAPP_PATH/controllers\simple.php
errLine:1109
errTime:15-09-21 22:26:12
<\ERROR_INFO>
<ERROR_INFO>
errID:8
errStr:Undefined index: 初中九年级
errFile:IAPP_PATH/controllers\simple.php
errLine:1978
errTime:15-09-21 22:31:38
<\ERROR_INFO>
<ERROR_INFO>
errID:8
errStr:Undefined index: 初中九年级
errFile:IAPP_PATH/controllers\simple.php
errLine:1978
errTime:15-09-21 22:32:45
<\ERROR_INFO>
<ERROR_INFO>
errID:8
errStr:Undefined offset: 0
errFile:IAPP_PATH/controllers\simple.php
errLine:1974
errTime:15-09-21 22:36:41
<\ERROR_INFO>
<ERROR_INFO>
errID:8
errStr:Undefined offset: 0
errFile:IAPP_PATH/controllers\simple.php
errLine:1976
errTime:15-09-21 22:41:29
<\ERROR_INFO>
<ERROR_INFO>
errID:2
errStr:implode() [<a href='function.implode'>function.implode</a>]: Invalid arguments passed
errFile:IAPP_PATH/controllers\simple.php
errLine:1109
errTime:15-09-21 22:43:18
<\ERROR_INFO>
<ERROR_INFO>
errID:8
errStr:Undefined offset: 0
errFile:IAPP_PATH/controllers\simple.php
errLine:1974
errTime:15-09-21 22:43:59
<\ERROR_INFO>
<ERROR_INFO>
errID:8
errStr:Undefined offset: 0
errFile:IAPP_PATH/controllers\simple.php
errLine:1975
errTime:15-09-21 22:50:43
<\ERROR_INFO>
<ERROR_INFO>
errID:8
errStr:Undefined index: 初中九年级
errFile:IAPP_PATH/controllers\simple.php
errLine:1978
errTime:15-09-21 22:54:42
<\ERROR_INFO>
<ERROR_INFO>
errID:8
errStr:Undefined index: 初中九年级
errFile:IAPP_PATH/controllers\simple.php
errLine:1978
errTime:15-09-21 22:57:51
<\ERROR_INFO>
<ERROR_INFO>
errID:2
errStr:implode() [<a href='function.implode'>function.implode</a>]: Invalid arguments passed
errFile:IAPP_PATH/controllers\simple.php
errLine:1109
errTime:15-09-21 22:58:24
<\ERROR_INFO>
<ERROR_INFO>
errID:8
errStr:Undefined index: 初中九年级
errFile:IAPP_PATH/controllers\simple.php
errLine:1978
errTime:15-09-21 22:58:41
<\ERROR_INFO>
<ERROR_INFO>
errID:8
errStr:Undefined offset: 0
errFile:IAPP_PATH/controllers\simple.php
errLine:1974
errTime:15-09-21 22:59:45
<\ERROR_INFO>
<ERROR_INFO>
errID:2
errStr:implode() [<a href='function.implode'>function.implode</a>]: Invalid arguments passed
errFile:IAPP_PATH/controllers\simple.php
errLine:1109
errTime:15-09-21 23:00:21
<\ERROR_INFO>
<ERROR_INFO>
errID:8
errStr:Undefined index: 初中九年级
errFile:IAPP_PATH/controllers\simple.php
errLine:1978
errTime:15-09-21 23:06:08
<\ERROR_INFO>
<ERROR_INFO>
errID:8
errStr:Undefined index: 初中九年级
errFile:IAPP_PATH/controllers\simple.php
errLine:1978
errTime:15-09-21 23:06:24
<\ERROR_INFO>
<ERROR_INFO>
errID:2
errStr:implode() [<a href='function.implode'>function.implode</a>]: Invalid arguments passed
errFile:IAPP_PATH/controllers\simple.php
errLine:1109
errTime:15-09-21 23:06:27
<\ERROR_INFO>
<ERROR_INFO>
errID:8
errStr:Undefined index: 初中九年级
errFile:IAPP_PATH/controllers\simple.php
errLine:1978
errTime:15-09-21 23:10:22
<\ERROR_INFO>
<ERROR_INFO>
errID:8
errStr:Undefined index: 初中九年级
errFile:IAPP_PATH/controllers\simple.php
errLine:1978
errTime:15-09-21 23:10:43
<\ERROR_INFO>
<ERROR_INFO>
errID:8
errStr:Undefined index: 初中九年级
errFile:IAPP_PATH/controllers\simple.php
errLine:1978
errTime:15-09-21 23:11:14
<\ERROR_INFO>
<ERROR_INFO>
errID:8
errStr:Undefined index: 初中九年级
errFile:IAPP_PATH/controllers\simple.php
errLine:1978
errTime:15-09-21 23:12:05
<\ERROR_INFO>
<ERROR_INFO>
errID:8
errStr:Undefined offset: 0
errFile:IAPP_PATH/controllers\simple.php
errLine:1974
errTime:15-09-21 23:13:11
<\ERROR_INFO>
<ERROR_INFO>
errID:8
errStr:Undefined index: 初中九年级
errFile:IAPP_PATH/controllers\simple.php
errLine:1978
errTime:15-09-21 23:17:47
<\ERROR_INFO>
<ERROR_INFO>
errID:8
errStr:Undefined index: 初中九年级
errFile:IAPP_PATH/controllers\simple.php
errLine:1978
errTime:15-09-21 23:34:11
<\ERROR_INFO>
<ERROR_INFO>
errID:8
errStr:Undefined offset: 0
errFile:IAPP_PATH/controllers\simple.php
errLine:1974
errTime:15-09-21 23:35:56
<\ERROR_INFO>
<ERROR_INFO>
errID:8
errStr:Undefined index: 初中九年级
errFile:IAPP_PATH/controllers\simple.php
errLine:1978
errTime:15-09-21 23:36:52
<\ERROR_INFO>
