<ERROR_INFO>
errID:8
errStr:Undefined offset: 0
errFile:IAPP_PATH/controllers\simple.php
errLine:1974
errTime:15-09-19 10:33:16
<\ERROR_INFO>
<ERROR_INFO>
errID:8
errStr:Undefined index: 初中八年级
errFile:IAPP_PATH/controllers\simple.php
errLine:1978
errTime:15-09-19 11:01:09
<\ERROR_INFO>
<ERROR_INFO>
errID:8
errStr:Undefined offset: 0
errFile:IAPP_PATH/controllers\simple.php
errLine:1974
errTime:15-09-19 11:01:28
<\ERROR_INFO>
<ERROR_INFO>
errID:8
errStr:Undefined index: 初中七年级
errFile:IAPP_PATH/controllers\simple.php
errLine:1978
errTime:15-09-19 11:44:59
<\ERROR_INFO>
<ERROR_INFO>
errID:2
errStr:implode() [<a href='function.implode'>function.implode</a>]: Invalid arguments passed
errFile:IAPP_PATH/controllers\simple.php
errLine:1109
errTime:15-09-19 11:45:17
<\ERROR_INFO>
<ERROR_INFO>
errID:8
errStr:Undefined index: seller_id
errFile:IAPP_PATH/controllers\simple.php
errLine:1043
errTime:15-09-19 12:15:19
<\ERROR_INFO>
<ERROR_INFO>
errID:8
errStr:Undefined index: 初中九年级
errFile:IAPP_PATH/controllers\simple.php
errLine:1978
errTime:15-09-19 13:13:06
<\ERROR_INFO>
<ERROR_INFO>
errID:2
errStr:implode() [<a href='function.implode'>function.implode</a>]: Invalid arguments passed
errFile:IAPP_PATH/controllers\simple.php
errLine:1109
errTime:15-09-19 13:13:55
<\ERROR_INFO>
<ERROR_INFO>
errID:8
errStr:Undefined offset: 0
errFile:IAPP_PATH/controllers\simple.php
errLine:1974
errTime:15-09-19 13:20:57
<\ERROR_INFO>
<ERROR_INFO>
errID:8
errStr:Undefined offset: 0
errFile:IAPP_PATH/controllers\simple.php
errLine:1974
errTime:15-09-19 13:27:13
<\ERROR_INFO>
<ERROR_INFO>
errID:8
errStr:Undefined offset: 0
errFile:IAPP_PATH/controllers\simple.php
errLine:1974
errTime:15-09-19 13:30:45
<\ERROR_INFO>
<ERROR_INFO>
errID:8
errStr:Undefined offset: 0
errFile:IAPP_PATH/controllers\simple.php
errLine:1974
errTime:15-09-19 14:07:30
<\ERROR_INFO>
<ERROR_INFO>
errID:2
errStr:implode() [<a href='function.implode'>function.implode</a>]: Invalid arguments passed
errFile:IAPP_PATH/controllers\simple.php
errLine:1109
errTime:15-09-19 14:14:46
<\ERROR_INFO>
<ERROR_INFO>
errID:8
errStr:Undefined offset: 0
errFile:IAPP_PATH/controllers\simple.php
errLine:1974
errTime:15-09-19 14:17:28
<\ERROR_INFO>
<ERROR_INFO>
errID:8
errStr:Undefined offset: 0
errFile:IAPP_PATH/controllers\simple.php
errLine:1975
errTime:15-09-19 15:07:15
<\ERROR_INFO>
<ERROR_INFO>
errID:8
errStr:Undefined index: 初中八年级
errFile:IAPP_PATH/controllers\simple.php
errLine:1978
errTime:15-09-19 15:33:21
<\ERROR_INFO>
<ERROR_INFO>
errID:2
errStr:implode() [<a href='function.implode'>function.implode</a>]: Invalid arguments passed
errFile:IAPP_PATH/controllers\simple.php
errLine:1109
errTime:15-09-19 15:34:41
<\ERROR_INFO>
<ERROR_INFO>
errID:8
errStr:Undefined offset: 0
errFile:IAPP_PATH/controllers\simple.php
errLine:1974
errTime:15-09-19 15:59:53
<\ERROR_INFO>
<ERROR_INFO>
errID:8
errStr:Undefined index: 初中八年级
errFile:IAPP_PATH/controllers\simple.php
errLine:1978
errTime:15-09-19 16:04:44
<\ERROR_INFO>
<ERROR_INFO>
errID:8
errStr:Undefined offset: 0
errFile:IAPP_PATH/controllers\simple.php
errLine:1974
errTime:15-09-19 16:26:13
<\ERROR_INFO>
<ERROR_INFO>
errID:8
errStr:Undefined index: 初中八年级
errFile:IAPP_PATH/controllers\simple.php
errLine:1978
errTime:15-09-19 16:27:28
<\ERROR_INFO>
<ERROR_INFO>
errID:8
errStr:Undefined index: 初中八年级
errFile:IAPP_PATH/controllers\simple.php
errLine:1978
errTime:15-09-19 16:28:59
<\ERROR_INFO>
<ERROR_INFO>
errID:8
errStr:Undefined offset: 0
errFile:IAPP_PATH/controllers\simple.php
errLine:1974
errTime:15-09-19 16:30:22
<\ERROR_INFO>
<ERROR_INFO>
errID:8
errStr:Undefined index: 初中八年级
errFile:IAPP_PATH/controllers\simple.php
errLine:1978
errTime:15-09-19 16:30:42
<\ERROR_INFO>
<ERROR_INFO>
errID:8
errStr:Undefined index: 初中八年级
errFile:IAPP_PATH/controllers\simple.php
errLine:1978
errTime:15-09-19 16:31:01
<\ERROR_INFO>
<ERROR_INFO>
errID:8
errStr:Undefined offset: 0
errFile:IAPP_PATH/controllers\simple.php
errLine:1974
errTime:15-09-19 18:11:32
<\ERROR_INFO>
<ERROR_INFO>
errID:8
errStr:Undefined offset: 0
errFile:IAPP_PATH/controllers\simple.php
errLine:1974
errTime:15-09-19 18:14:47
<\ERROR_INFO>
<ERROR_INFO>
errID:8
errStr:Undefined index: 初中八年级
errFile:IAPP_PATH/controllers\simple.php
errLine:1978
errTime:15-09-19 18:29:12
<\ERROR_INFO>
<ERROR_INFO>
errID:8
errStr:Undefined offset: 0
errFile:IAPP_PATH/controllers\simple.php
errLine:1974
errTime:15-09-19 18:42:41
<\ERROR_INFO>
<ERROR_INFO>
errID:8
errStr:Undefined index: 初中八年级
errFile:IAPP_PATH/controllers\simple.php
errLine:1978
errTime:15-09-19 18:52:12
<\ERROR_INFO>
<ERROR_INFO>
errID:8
errStr:Undefined index: 初中九年级
errFile:IAPP_PATH/controllers\simple.php
errLine:1978
errTime:15-09-19 19:07:58
<\ERROR_INFO>
<ERROR_INFO>
errID:8
errStr:Undefined index: 初中九年级
errFile:IAPP_PATH/controllers\simple.php
errLine:1978
errTime:15-09-19 20:00:51
<\ERROR_INFO>
<ERROR_INFO>
errID:2
errStr:implode() [<a href='function.implode'>function.implode</a>]: Invalid arguments passed
errFile:IAPP_PATH/controllers\simple.php
errLine:1109
errTime:15-09-19 20:11:22
<\ERROR_INFO>
<ERROR_INFO>
errID:8
errStr:Undefined offset: 0
errFile:IAPP_PATH/controllers\simple.php
errLine:1974
errTime:15-09-19 20:13:13
<\ERROR_INFO>
<ERROR_INFO>
errID:8
errStr:Undefined offset: 0
errFile:IAPP_PATH/controllers\simple.php
errLine:1977
errTime:15-09-19 20:47:33
<\ERROR_INFO>
<ERROR_INFO>
errID:8
errStr:Undefined offset: 0
errFile:IAPP_PATH/controllers\simple.php
errLine:1974
errTime:15-09-19 20:58:07
<\ERROR_INFO>
<ERROR_INFO>
errID:8
errStr:Undefined index: 初中九年级
errFile:IAPP_PATH/controllers\simple.php
errLine:1978
errTime:15-09-19 21:23:03
<\ERROR_INFO>
<ERROR_INFO>
errID:8
errStr:Undefined index: 初中九年级
errFile:IAPP_PATH/controllers\simple.php
errLine:1978
errTime:15-09-19 21:25:01
<\ERROR_INFO>
<ERROR_INFO>
errID:2
errStr:implode() [<a href='function.implode'>function.implode</a>]: Invalid arguments passed
errFile:IAPP_PATH/controllers\simple.php
errLine:1109
errTime:15-09-19 21:33:36
<\ERROR_INFO>
<ERROR_INFO>
errID:8
errStr:Undefined index: 初中九年级
errFile:IAPP_PATH/controllers\simple.php
errLine:1978
errTime:15-09-19 21:38:13
<\ERROR_INFO>
<ERROR_INFO>
errID:8
errStr:Undefined index: 初中七年级
errFile:IAPP_PATH/controllers\simple.php
errLine:1978
errTime:15-09-19 21:40:19
<\ERROR_INFO>
<ERROR_INFO>
errID:8
errStr:Undefined offset: 0
errFile:IAPP_PATH/controllers\simple.php
errLine:1977
errTime:15-09-19 21:50:38
<\ERROR_INFO>
<ERROR_INFO>
Mess: select  o.order_no,o.create_time,u.username,c.* from sunup_refundment_doc as c  left join sunup_order  as o on c.order_id=o.id left join sunup_user  as u on u.id = c.user_id where c.id=29 and seller_id = 6    limit 1000
 -- Column 'seller_id' in where clause is ambiguous
Line: 99
File: IWEB_PATH/db\driver\mysqli_class.php
##Debug_backtrace:##
	Func:read           	Class:IMysqli        	Type:->   	Line:67   	File:IWEB_PATH/db\driver\mysqli_class.php
	Func:doSql          	Class:IMysqli        	Type:->   	Line:87   	File:IWEB_PATH/db\db_class.php
	Func:query          	Class:IDB            	Type:->   	Line:166  	File:IWEB_PATH/core\query_class.php
	Func:find           	Class:IQuery         	Type:->   	Line:945  	File:IAPP_PATH/controllers\seller.php
	Func:refundment_show	Class:Seller         	Type:->   	Line:24   	File:IWEB_PATH/web\action\inline_action.php
	Func:run            	Class:IInlineAction  	Type:->   	Line:137  	File:IWEB_PATH/web\controller\controller_class.php
	Func:run            	Class:IController    	Type:->   	Line:29   	File:IWEB_PATH/core\webapplication_class.php
	Func:execRequest    	Class:IWebApplication	Type:->   	Line:108  	File:IWEB_PATH/core\application_class.php
	Func:run            	Class:IApplication   	Type:->   	Line:5    	File:IAPP_PATH/index.php
</ERROR_INFO>
<ERROR_INFO>
Mess: select  o.order_no,o.create_time,u.username,c.* from sunup_refundment_doc as c  left join sunup_order  as o on c.order_id=o.id left join sunup_user  as u on u.id = c.user_id where c.id=23 and seller_id = 6    limit 1000
 -- Column 'seller_id' in where clause is ambiguous
Line: 99
File: IWEB_PATH/db\driver\mysqli_class.php
##Debug_backtrace:##
	Func:read           	Class:IMysqli        	Type:->   	Line:67   	File:IWEB_PATH/db\driver\mysqli_class.php
	Func:doSql          	Class:IMysqli        	Type:->   	Line:87   	File:IWEB_PATH/db\db_class.php
	Func:query          	Class:IDB            	Type:->   	Line:166  	File:IWEB_PATH/core\query_class.php
	Func:find           	Class:IQuery         	Type:->   	Line:945  	File:IAPP_PATH/controllers\seller.php
	Func:refundment_show	Class:Seller         	Type:->   	Line:24   	File:IWEB_PATH/web\action\inline_action.php
	Func:run            	Class:IInlineAction  	Type:->   	Line:137  	File:IWEB_PATH/web\controller\controller_class.php
	Func:run            	Class:IController    	Type:->   	Line:29   	File:IWEB_PATH/core\webapplication_class.php
	Func:execRequest    	Class:IWebApplication	Type:->   	Line:108  	File:IWEB_PATH/core\application_class.php
	Func:run            	Class:IApplication   	Type:->   	Line:5    	File:IAPP_PATH/index.php
</ERROR_INFO>
<ERROR_INFO>
errID:8
errStr:Undefined index: 初中八年级
errFile:IAPP_PATH/controllers\simple.php
errLine:1978
errTime:15-09-19 22:00:14
<\ERROR_INFO>
<ERROR_INFO>
errID:2
errStr:implode() [<a href='function.implode'>function.implode</a>]: Invalid arguments passed
errFile:IAPP_PATH/controllers\simple.php
errLine:1109
errTime:15-09-19 22:00:23
<\ERROR_INFO>
<ERROR_INFO>
Mess: select count(*) as total from sunup_refundment_doc as rd left join sunup_order_goods  as og on og.order_id = rd.order_id where rd.if_del = 0 and rd.goods_id = og.goods_id and rd.product_id = og.product_id and rd.seller_id = 6  and `pay_time` <= '2015-09-19 23:59:59'  and rd.pay_status='0'   
 -- Unknown column 'pay_time' in 'where clause'
Line: 99
File: IWEB_PATH/db\driver\mysqli_class.php
##Debug_backtrace:##
	Func:read           	Class:IMysqli        	Type:->   	Line:67   	File:IWEB_PATH/db\driver\mysqli_class.php
	Func:doSql          	Class:IMysqli        	Type:->   	Line:87   	File:IWEB_PATH/db\db_class.php
	Func:query          	Class:IDB            	Type:->   	Line:56   	File:IWEB_PATH/core\paging_class.php
	Func:setSql         	Class:IPaging        	Type:->   	Line:42   	File:IWEB_PATH/core\paging_class.php
	Func:__construct    	Class:IPaging        	Type:->   	Line:140  	File:IWEB_PATH/core\query_class.php
	Func:find           	Class:IQuery         	Type:->   	Line:124  	File:IAPP_PATH/runtime\sysseller\seller\refundment_list.php
	Func:require        	Class:               	Type:     	Line:116  	File:IWEB_PATH/web\controller\controllerbase_class.php
	Func:requireFile    	Class:IControllerBase	Type:->   	Line:82   	File:IWEB_PATH/web\controller\controllerbase_class.php
	Func:renderView     	Class:IControllerBase	Type:->   	Line:201  	File:IWEB_PATH/web\controller\controller_class.php
	Func:render         	Class:IController    	Type:->   	Line:36   	File:IWEB_PATH/web\action\view_action.php
	Func:run            	Class:IViewAction    	Type:->   	Line:137  	File:IWEB_PATH/web\controller\controller_class.php
	Func:run            	Class:IController    	Type:->   	Line:29   	File:IWEB_PATH/core\webapplication_class.php
	Func:execRequest    	Class:IWebApplication	Type:->   	Line:108  	File:IWEB_PATH/core\application_class.php
	Func:run            	Class:IApplication   	Type:->   	Line:5    	File:IAPP_PATH/index.php
</ERROR_INFO>
<ERROR_INFO>
Mess: select count(*) as total from sunup_refundment_doc as rd left join sunup_order_goods  as og on og.order_id = rd.order_id where rd.if_del = 0 and rd.goods_id = og.goods_id and rd.product_id = og.product_id and rd.seller_id = 6  and `pay_time` <= '2015-09-19 23:59:59'  and rd.pay_status='0'   
 -- Unknown column 'pay_time' in 'where clause'
Line: 99
File: IWEB_PATH/db\driver\mysqli_class.php
##Debug_backtrace:##
	Func:read           	Class:IMysqli        	Type:->   	Line:67   	File:IWEB_PATH/db\driver\mysqli_class.php
	Func:doSql          	Class:IMysqli        	Type:->   	Line:87   	File:IWEB_PATH/db\db_class.php
	Func:query          	Class:IDB            	Type:->   	Line:56   	File:IWEB_PATH/core\paging_class.php
	Func:setSql         	Class:IPaging        	Type:->   	Line:42   	File:IWEB_PATH/core\paging_class.php
	Func:__construct    	Class:IPaging        	Type:->   	Line:140  	File:IWEB_PATH/core\query_class.php
	Func:find           	Class:IQuery         	Type:->   	Line:124  	File:IAPP_PATH/runtime\sysseller\seller\refundment_list.php
	Func:require        	Class:               	Type:     	Line:116  	File:IWEB_PATH/web\controller\controllerbase_class.php
	Func:requireFile    	Class:IControllerBase	Type:->   	Line:82   	File:IWEB_PATH/web\controller\controllerbase_class.php
	Func:renderView     	Class:IControllerBase	Type:->   	Line:201  	File:IWEB_PATH/web\controller\controller_class.php
	Func:render         	Class:IController    	Type:->   	Line:36   	File:IWEB_PATH/web\action\view_action.php
	Func:run            	Class:IViewAction    	Type:->   	Line:137  	File:IWEB_PATH/web\controller\controller_class.php
	Func:run            	Class:IController    	Type:->   	Line:29   	File:IWEB_PATH/core\webapplication_class.php
	Func:execRequest    	Class:IWebApplication	Type:->   	Line:108  	File:IWEB_PATH/core\application_class.php
	Func:run            	Class:IApplication   	Type:->   	Line:5    	File:IAPP_PATH/index.php
</ERROR_INFO>
<ERROR_INFO>
errID:8
errStr:Undefined offset: 0
errFile:IAPP_PATH/controllers\simple.php
errLine:1974
errTime:15-09-19 22:12:18
<\ERROR_INFO>
<ERROR_INFO>
errID:8
errStr:Undefined offset: 0
errFile:IAPP_PATH/controllers\simple.php
errLine:1974
errTime:15-09-19 22:14:22
<\ERROR_INFO>
<ERROR_INFO>
errID:8
errStr:Undefined index: 初中八年级
errFile:IAPP_PATH/controllers\simple.php
errLine:1978
errTime:15-09-19 22:14:25
<\ERROR_INFO>
<ERROR_INFO>
errID:2
errStr:implode() [<a href='function.implode'>function.implode</a>]: Invalid arguments passed
errFile:IAPP_PATH/controllers\simple.php
errLine:1109
errTime:15-09-19 22:16:01
<\ERROR_INFO>
<ERROR_INFO>
errID:8
errStr:Undefined offset: 0
errFile:IAPP_PATH/controllers\simple.php
errLine:1976
errTime:15-09-19 23:04:18
<\ERROR_INFO>
<ERROR_INFO>
errID:8
errStr:Undefined offset: 0
errFile:IAPP_PATH/controllers\simple.php
errLine:1977
errTime:15-09-19 23:05:21
<\ERROR_INFO>
