<ERROR_INFO>
errID:8
errStr:Undefined index: 小学三年级
errFile:IAPP_PATH/controllers\simple.php
errLine:1978
errTime:15-07-01 00:14:00
<\ERROR_INFO>
<ERROR_INFO>
errID:8
errStr:Undefined index: 小学二年级
errFile:IAPP_PATH/controllers\simple.php
errLine:1978
errTime:15-07-01 00:43:39
<\ERROR_INFO>
<ERROR_INFO>
errID:8
errStr:Undefined index: 小学三年级
errFile:IAPP_PATH/controllers\simple.php
errLine:1978
errTime:15-07-01 00:55:08
<\ERROR_INFO>
<ERROR_INFO>
errID:8
errStr:Undefined index: 小学三年级
errFile:IAPP_PATH/controllers\simple.php
errLine:1978
errTime:15-07-01 00:57:40
<\ERROR_INFO>
<ERROR_INFO>
errID:8
errStr:Undefined index: 小学三年级
errFile:IAPP_PATH/controllers\simple.php
errLine:1978
errTime:15-07-01 00:58:38
<\ERROR_INFO>
<ERROR_INFO>
errID:8
errStr:Undefined index: 初中九年级
errFile:IAPP_PATH/controllers\simple.php
errLine:1978
errTime:15-07-01 00:59:53
<\ERROR_INFO>
<ERROR_INFO>
errID:8
errStr:Undefined index: 初中九年级
errFile:IAPP_PATH/controllers\simple.php
errLine:1978
errTime:15-07-01 01:01:31
<\ERROR_INFO>
<ERROR_INFO>
errID:8
errStr:Undefined index: 高中一年级
errFile:IAPP_PATH/controllers\simple.php
errLine:1978
errTime:15-07-01 08:30:08
<\ERROR_INFO>
<ERROR_INFO>
errID:8
errStr:Undefined index: 高中一年级
errFile:IAPP_PATH/controllers\simple.php
errLine:1978
errTime:15-07-01 08:32:15
<\ERROR_INFO>
<ERROR_INFO>
errID:8
errStr:Undefined index: 高中一年级
errFile:IAPP_PATH/controllers\simple.php
errLine:1978
errTime:15-07-01 08:33:41
<\ERROR_INFO>
<ERROR_INFO>
errID:8
errStr:Undefined index: 初中八年级
errFile:IAPP_PATH/controllers\simple.php
errLine:1978
errTime:15-07-01 08:34:30
<\ERROR_INFO>
<ERROR_INFO>
errID:8
errStr:Undefined index: 高中一年级
errFile:IAPP_PATH/controllers\simple.php
errLine:1978
errTime:15-07-01 08:36:39
<\ERROR_INFO>
