<ERROR_INFO>
errID:8
errStr:Undefined index: seller_id
errFile:IAPP_PATH/controllers\simple.php
errLine:1043
errTime:15-09-01 08:33:59
<\ERROR_INFO>
<ERROR_INFO>
errID:8
errStr:Undefined index: 初中九年级
errFile:IAPP_PATH/controllers\simple.php
errLine:1978
errTime:15-09-01 08:45:05
<\ERROR_INFO>
<ERROR_INFO>
errID:8
errStr:Undefined index: 初中九年级
errFile:IAPP_PATH/controllers\simple.php
errLine:1978
errTime:15-09-01 08:46:22
<\ERROR_INFO>
<ERROR_INFO>
errID:8
errStr:Undefined index: 初中九年级
errFile:IAPP_PATH/controllers\simple.php
errLine:1978
errTime:15-09-01 11:23:06
<\ERROR_INFO>
<ERROR_INFO>
errID:8
errStr:Undefined offset: 0
errFile:IAPP_PATH/controllers\simple.php
errLine:1974
errTime:15-09-01 16:59:19
<\ERROR_INFO>
<ERROR_INFO>
errID:8
errStr:Undefined index: seller_id
errFile:IAPP_PATH/controllers\simple.php
errLine:1043
errTime:15-09-01 17:00:42
<\ERROR_INFO>
<ERROR_INFO>
errID:8
errStr:Undefined index: seller_id
errFile:IAPP_PATH/controllers\simple.php
errLine:1043
errTime:15-09-01 17:02:00
<\ERROR_INFO>
<ERROR_INFO>
errID:8
errStr:Undefined offset: 0
errFile:IAPP_PATH/controllers\simple.php
errLine:1974
errTime:15-09-01 17:25:00
<\ERROR_INFO>
<ERROR_INFO>
errID:8
errStr:Undefined index: seller_id
errFile:IAPP_PATH/controllers\simple.php
errLine:1043
errTime:15-09-01 19:16:04
<\ERROR_INFO>
<ERROR_INFO>
errID:8
errStr:Undefined index: seller_id
errFile:IAPP_PATH/controllers\simple.php
errLine:1043
errTime:15-09-01 22:14:50
<\ERROR_INFO>
<ERROR_INFO>
errID:8
errStr:Undefined index: seller_id
errFile:IAPP_PATH/controllers\simple.php
errLine:1043
errTime:15-09-01 22:16:22
<\ERROR_INFO>
<ERROR_INFO>
Mess: select  o.order_no,o.create_time,u.username,c.* from sunup_refundment_doc as c  left join sunup_order  as o on c.order_id=o.id left join sunup_user  as u on u.id = c.user_id where c.id=1 and seller_id = 8    limit 1000
 -- Column 'seller_id' in where clause is ambiguous
Line: 99
File: IWEB_PATH/db\driver\mysqli_class.php
##Debug_backtrace:##
	Func:read           	Class:IMysqli        	Type:->   	Line:67   	File:IWEB_PATH/db\driver\mysqli_class.php
	Func:doSql          	Class:IMysqli        	Type:->   	Line:87   	File:IWEB_PATH/db\db_class.php
	Func:query          	Class:IDB            	Type:->   	Line:166  	File:IWEB_PATH/core\query_class.php
	Func:find           	Class:IQuery         	Type:->   	Line:945  	File:IAPP_PATH/controllers\seller.php
	Func:refundment_show	Class:Seller         	Type:->   	Line:24   	File:IWEB_PATH/web\action\inline_action.php
	Func:run            	Class:IInlineAction  	Type:->   	Line:137  	File:IWEB_PATH/web\controller\controller_class.php
	Func:run            	Class:IController    	Type:->   	Line:29   	File:IWEB_PATH/core\webapplication_class.php
	Func:execRequest    	Class:IWebApplication	Type:->   	Line:108  	File:IWEB_PATH/core\application_class.php
	Func:run            	Class:IApplication   	Type:->   	Line:5    	File:IAPP_PATH/index.php
</ERROR_INFO>
<ERROR_INFO>
errID:2
errStr:implode() [<a href='function.implode'>function.implode</a>]: Invalid arguments passed
errFile:IAPP_PATH/controllers\simple.php
errLine:1109
errTime:15-09-01 22:44:42
<\ERROR_INFO>
<ERROR_INFO>
errID:8
errStr:Undefined index: seller_id
errFile:IAPP_PATH/controllers\simple.php
errLine:1043
errTime:15-09-01 22:48:25
<\ERROR_INFO>
<ERROR_INFO>
errID:8
errStr:Undefined offset: 0
errFile:IAPP_PATH/controllers\simple.php
errLine:1974
errTime:15-09-01 23:26:48
<\ERROR_INFO>
<ERROR_INFO>
errID:8
errStr:Undefined offset: 0
errFile:IAPP_PATH/controllers\simple.php
errLine:1974
errTime:15-09-01 23:36:39
<\ERROR_INFO>
