<ERROR_INFO>
errID:8
errStr:Undefined index: img
errFile:IAPP_PATH/runtime\default\site\comments_list.php
errLine:164
errTime:15-07-06 05:10:04
<\ERROR_INFO>
<ERROR_INFO>
errID:2
errStr:join() [<a href='function.join'>function.join</a>]: Invalid arguments passed
errFile:IAPP_PATH/controllers\goods.php
errLine:1043
errTime:15-07-06 14:39:03
<\ERROR_INFO>
<ERROR_INFO>
errID:2
errStr:mysqli::mysqli() [<a href='mysqli.mysqli'>mysqli.mysqli</a>]: (28000/1045): Access denied for user 'root'@'localhost' (using password: YES)
errFile:IWEB_PATH/db\driver\mysqli_class.php
errLine:35
errTime:15-07-06 15:13:31
<\ERROR_INFO>
<ERROR_INFO>
errID:2
errStr:mysqli::mysqli() [<a href='mysqli.mysqli'>mysqli.mysqli</a>]: (28000/1045): Access denied for user 'root'@'localhost' (using password: YES)
errFile:IWEB_PATH/db\driver\mysqli_class.php
errLine:35
errTime:15-07-06 15:14:53
<\ERROR_INFO>
<ERROR_INFO>
errID:2
errStr:mysqli::mysqli() [<a href='mysqli.mysqli'>mysqli.mysqli</a>]: (28000/1045): Access denied for user 'root'@'localhost' (using password: YES)
errFile:IWEB_PATH/db\driver\mysqli_class.php
errLine:35
errTime:15-07-06 15:14:55
<\ERROR_INFO>
<ERROR_INFO>
errID:2
errStr:join() [<a href='function.join'>function.join</a>]: Invalid arguments passed
errFile:IAPP_PATH/controllers\goods.php
errLine:1043
errTime:15-07-06 17:43:06
<\ERROR_INFO>
<ERROR_INFO>
errID:2
errStr:join() [<a href='function.join'>function.join</a>]: Invalid arguments passed
errFile:IAPP_PATH/controllers\goods.php
errLine:1043
errTime:15-07-06 17:46:55
<\ERROR_INFO>
<ERROR_INFO>
errID:2
errStr:join() [<a href='function.join'>function.join</a>]: Invalid arguments passed
errFile:IAPP_PATH/controllers\goods.php
errLine:1043
errTime:15-07-06 17:50:35
<\ERROR_INFO>
<ERROR_INFO>
errID:2
errStr:join() [<a href='function.join'>function.join</a>]: Invalid arguments passed
errFile:IAPP_PATH/controllers\goods.php
errLine:1043
errTime:15-07-06 17:53:36
<\ERROR_INFO>
<ERROR_INFO>
errID:2
errStr:join() [<a href='function.join'>function.join</a>]: Invalid arguments passed
errFile:IAPP_PATH/controllers\goods.php
errLine:1043
errTime:15-07-06 17:55:56
<\ERROR_INFO>
<ERROR_INFO>
errID:2
errStr:join() [<a href='function.join'>function.join</a>]: Invalid arguments passed
errFile:IAPP_PATH/controllers\goods.php
errLine:1043
errTime:15-07-06 18:01:48
<\ERROR_INFO>
<ERROR_INFO>
errID:2
errStr:join() [<a href='function.join'>function.join</a>]: Invalid arguments passed
errFile:IAPP_PATH/controllers\goods.php
errLine:1043
errTime:15-07-06 18:05:23
<\ERROR_INFO>
<ERROR_INFO>
errID:8
errStr:Undefined index: 初中九年级
errFile:IAPP_PATH/controllers\simple.php
errLine:1978
errTime:15-07-06 22:37:42
<\ERROR_INFO>
