<ERROR_INFO>
errID:8
errStr:Undefined index: img
errFile:IAPP_PATH/runtime\default\site\comments_list.php
errLine:164
errTime:15-10-18 05:40:05
<\ERROR_INFO>
<ERROR_INFO>
errID:8
errStr:Undefined index: 初中九年级
errFile:IAPP_PATH/controllers\simple.php
errLine:1978
errTime:15-10-18 12:36:40
<\ERROR_INFO>
<ERROR_INFO>
errID:8
errStr:Undefined index: 初中八年级
errFile:IAPP_PATH/controllers\simple.php
errLine:1978
errTime:15-10-18 12:40:33
<\ERROR_INFO>
<ERROR_INFO>
errID:2
errStr:implode() [<a href='function.implode'>function.implode</a>]: Invalid arguments passed
errFile:IAPP_PATH/controllers\simple.php
errLine:1109
errTime:15-10-18 12:40:44
<\ERROR_INFO>
<ERROR_INFO>
errID:8
errStr:Undefined index: 初中八年级
errFile:IAPP_PATH/controllers\simple.php
errLine:1978
errTime:15-10-18 12:41:18
<\ERROR_INFO>
<ERROR_INFO>
errID:8
errStr:Undefined index: 初中八年级
errFile:IAPP_PATH/controllers\simple.php
errLine:1978
errTime:15-10-18 19:36:50
<\ERROR_INFO>
<ERROR_INFO>
Mess: SELECT * FROM sunup_address WHERE id in (3735,3845,3846,3847,3848,3849,3850,3851,3852,3853,3854,3855,3856,3857,3858,3859,3860,3861,3862,3864,3865,3867,3868,3869,3870,3872,3874,3875,3877,3879,3880,3881,3882,3883,3884,3886,3887,3888,3890,3891,3892,3893,3894,3895,3896,3897,3898,3899,3900,3901,3902,) limit 50000
 -- You have an error in your SQL syntax; check the manual that corresponds to your MySQL server version for the right syntax to use near ') limit 50000' at line 1
Line: 99
File: IWEB_PATH/db\driver\mysqli_class.php
##Debug_backtrace:##
	Func:read           	Class:IMysqli        	Type:->   	Line:67   	File:IWEB_PATH/db\driver\mysqli_class.php
	Func:doSql          	Class:IMysqli        	Type:->   	Line:87   	File:IWEB_PATH/db\db_class.php
	Func:query          	Class:IDB            	Type:->   	Line:186  	File:IWEB_PATH/web\model\model_class.php
	Func:query          	Class:IModel         	Type:->   	Line:345  	File:IAPP_PATH/classes\order_class.php
	Func:getOrderShow   	Class:Order_Class    	Type:->   	Line:106  	File:IAPP_PATH/controllers\ucenter.php
	Func:order_detail   	Class:Ucenter        	Type:->   	Line:24   	File:IWEB_PATH/web\action\inline_action.php
	Func:run            	Class:IInlineAction  	Type:->   	Line:137  	File:IWEB_PATH/web\controller\controller_class.php
	Func:run            	Class:IController    	Type:->   	Line:29   	File:IWEB_PATH/core\webapplication_class.php
	Func:execRequest    	Class:IWebApplication	Type:->   	Line:108  	File:IWEB_PATH/core\application_class.php
	Func:run            	Class:IApplication   	Type:->   	Line:5    	File:IAPP_PATH/index.php
</ERROR_INFO>
