<ERROR_INFO>
errID:2
errStr:mysqli::mysqli(): 
errFile:IWEB_PATH/db\driver\mysqli_class.php
errLine:35
errTime:15-12-12 09:43:06
<\ERROR_INFO>
<ERROR_INFO>
errID:2
errStr:mysqli::mysqli(): 
errFile:IWEB_PATH/db\driver\mysqli_class.php
errLine:35
errTime:15-12-12 09:44:14
<\ERROR_INFO>
<ERROR_INFO>
errID:2
errStr:mysqli::mysqli(): 
errFile:IWEB_PATH/db\driver\mysqli_class.php
errLine:35
errTime:15-12-12 09:44:15
<\ERROR_INFO>
<ERROR_INFO>
errID:2
errStr:mysqli::mysqli(): 
errFile:IWEB_PATH/db\driver\mysqli_class.php
errLine:35
errTime:15-12-12 09:44:15
<\ERROR_INFO>
<ERROR_INFO>
errID:2
errStr:mysqli::mysqli(): 
errFile:IWEB_PATH/db\driver\mysqli_class.php
errLine:35
errTime:15-12-12 09:44:15
<\ERROR_INFO>
<ERROR_INFO>
errID:2
errStr:mysqli::mysqli(): 
errFile:IWEB_PATH/db\driver\mysqli_class.php
errLine:35
errTime:15-12-12 09:44:16
<\ERROR_INFO>
<ERROR_INFO>
errID:2
errStr:mysqli::mysqli(): 
errFile:IWEB_PATH/db\driver\mysqli_class.php
errLine:35
errTime:15-12-12 09:44:16
<\ERROR_INFO>
<ERROR_INFO>
errID:2
errStr:mysqli::mysqli(): 
errFile:IWEB_PATH/db\driver\mysqli_class.php
errLine:35
errTime:15-12-12 09:44:16
<\ERROR_INFO>
<ERROR_INFO>
errID:2
errStr:mysqli::mysqli(): 
errFile:IWEB_PATH/db\driver\mysqli_class.php
errLine:35
errTime:15-12-12 09:44:16
<\ERROR_INFO>
<ERROR_INFO>
errID:2
errStr:mysqli::mysqli(): 
errFile:IWEB_PATH/db\driver\mysqli_class.php
errLine:35
errTime:15-12-12 09:44:16
<\ERROR_INFO>
<ERROR_INFO>
errID:2
errStr:mysqli::mysqli(): 
errFile:IWEB_PATH/db\driver\mysqli_class.php
errLine:35
errTime:15-12-12 09:44:17
<\ERROR_INFO>
<ERROR_INFO>
errID:2
errStr:mysqli::mysqli(): 
errFile:IWEB_PATH/db\driver\mysqli_class.php
errLine:35
errTime:15-12-12 09:45:33
<\ERROR_INFO>
<ERROR_INFO>
errID:2
errStr:mysqli::mysqli(): 
errFile:IWEB_PATH/db\driver\mysqli_class.php
errLine:35
errTime:15-12-12 09:45:34
<\ERROR_INFO>
<ERROR_INFO>
errID:2
errStr:mysqli::mysqli(): 
errFile:IWEB_PATH/db\driver\mysqli_class.php
errLine:35
errTime:15-12-12 09:45:34
<\ERROR_INFO>
<ERROR_INFO>
errID:2
errStr:mysqli::mysqli(): 
errFile:IWEB_PATH/db\driver\mysqli_class.php
errLine:35
errTime:15-12-12 09:45:34
<\ERROR_INFO>
<ERROR_INFO>
errID:2
errStr:mysqli::mysqli(): 
errFile:IWEB_PATH/db\driver\mysqli_class.php
errLine:35
errTime:15-12-12 09:45:34
<\ERROR_INFO>
<ERROR_INFO>
errID:2
errStr:mysqli::mysqli(): 
errFile:IWEB_PATH/db\driver\mysqli_class.php
errLine:35
errTime:15-12-12 09:45:34
<\ERROR_INFO>
<ERROR_INFO>
errID:2
errStr:mysqli::mysqli(): 
errFile:IWEB_PATH/db\driver\mysqli_class.php
errLine:35
errTime:15-12-12 09:45:43
<\ERROR_INFO>
<ERROR_INFO>
errID:2
errStr:mysqli::mysqli(): 
errFile:IWEB_PATH/db\driver\mysqli_class.php
errLine:35
errTime:15-12-12 09:45:44
<\ERROR_INFO>
<ERROR_INFO>
errID:2
errStr:mysqli::mysqli(): 
errFile:IWEB_PATH/db\driver\mysqli_class.php
errLine:35
errTime:15-12-12 09:45:44
<\ERROR_INFO>
<ERROR_INFO>
errID:2
errStr:mysqli::mysqli(): 
errFile:IWEB_PATH/db\driver\mysqli_class.php
errLine:35
errTime:15-12-12 09:45:44
<\ERROR_INFO>
<ERROR_INFO>
errID:2
errStr:mysqli::mysqli(): 
errFile:IWEB_PATH/db\driver\mysqli_class.php
errLine:35
errTime:15-12-12 09:45:44
<\ERROR_INFO>
<ERROR_INFO>
errID:2
errStr:mysqli::mysqli(): 
errFile:IWEB_PATH/db\driver\mysqli_class.php
errLine:35
errTime:15-12-12 09:45:44
<\ERROR_INFO>
<ERROR_INFO>
errID:2
errStr:mysqli::mysqli(): 
errFile:IWEB_PATH/db\driver\mysqli_class.php
errLine:35
errTime:15-12-12 09:45:44
<\ERROR_INFO>
<ERROR_INFO>
errID:2
errStr:mysqli::mysqli(): 
errFile:IWEB_PATH/db\driver\mysqli_class.php
errLine:35
errTime:15-12-12 09:45:45
<\ERROR_INFO>
<ERROR_INFO>
errID:2
errStr:mysqli::mysqli(): 
errFile:IWEB_PATH/db\driver\mysqli_class.php
errLine:35
errTime:15-12-12 09:45:45
<\ERROR_INFO>
<ERROR_INFO>
errID:2
errStr:mysqli::mysqli(): 
errFile:IWEB_PATH/db\driver\mysqli_class.php
errLine:35
errTime:15-12-12 09:45:45
<\ERROR_INFO>
<ERROR_INFO>
errID:2
errStr:mysqli::mysqli(): 
errFile:IWEB_PATH/db\driver\mysqli_class.php
errLine:35
errTime:15-12-12 09:45:45
<\ERROR_INFO>
<ERROR_INFO>
errID:2
errStr:mysqli::mysqli(): 
errFile:IWEB_PATH/db\driver\mysqli_class.php
errLine:35
errTime:15-12-12 09:45:58
<\ERROR_INFO>
<ERROR_INFO>
errID:2
errStr:mysqli::mysqli(): 
errFile:IWEB_PATH/db\driver\mysqli_class.php
errLine:35
errTime:15-12-12 09:45:58
<\ERROR_INFO>
<ERROR_INFO>
errID:2
errStr:mysqli::mysqli(): 
errFile:IWEB_PATH/db\driver\mysqli_class.php
errLine:35
errTime:15-12-12 09:45:59
<\ERROR_INFO>
<ERROR_INFO>
errID:2
errStr:mysqli::mysqli(): 
errFile:IWEB_PATH/db\driver\mysqli_class.php
errLine:35
errTime:15-12-12 09:45:59
<\ERROR_INFO>
<ERROR_INFO>
errID:2
errStr:mysqli::mysqli(): 
errFile:IWEB_PATH/db\driver\mysqli_class.php
errLine:35
errTime:15-12-12 09:45:59
<\ERROR_INFO>
<ERROR_INFO>
errID:2
errStr:mysqli::mysqli(): 
errFile:IWEB_PATH/db\driver\mysqli_class.php
errLine:35
errTime:15-12-12 09:45:59
<\ERROR_INFO>
<ERROR_INFO>
errID:2
errStr:mysqli::mysqli(): 
errFile:IWEB_PATH/db\driver\mysqli_class.php
errLine:35
errTime:15-12-12 09:45:59
<\ERROR_INFO>
<ERROR_INFO>
errID:2
errStr:mysqli::mysqli(): 
errFile:IWEB_PATH/db\driver\mysqli_class.php
errLine:35
errTime:15-12-12 09:46:03
<\ERROR_INFO>
<ERROR_INFO>
errID:2
errStr:mysqli::mysqli(): 
errFile:IWEB_PATH/db\driver\mysqli_class.php
errLine:35
errTime:15-12-12 09:46:03
<\ERROR_INFO>
<ERROR_INFO>
errID:2
errStr:mysqli::mysqli(): 
errFile:IWEB_PATH/db\driver\mysqli_class.php
errLine:35
errTime:15-12-12 09:46:04
<\ERROR_INFO>
<ERROR_INFO>
errID:2
errStr:mysqli::mysqli(): 
errFile:IWEB_PATH/db\driver\mysqli_class.php
errLine:35
errTime:15-12-12 09:46:04
<\ERROR_INFO>
<ERROR_INFO>
errID:2
errStr:mysqli::mysqli(): 
errFile:IWEB_PATH/db\driver\mysqli_class.php
errLine:35
errTime:15-12-12 09:46:04
<\ERROR_INFO>
<ERROR_INFO>
errID:2
errStr:mysqli::mysqli(): 
errFile:IWEB_PATH/db\driver\mysqli_class.php
errLine:35
errTime:15-12-12 09:46:04
<\ERROR_INFO>
<ERROR_INFO>
errID:2
errStr:mysqli::mysqli() [<a href='mysqli.mysqli'>mysqli.mysqli</a>]: (28000/1045): Access denied for user 'root'@'localhost' (using password: YES)
errFile:IWEB_PATH/db\driver\mysqli_class.php
errLine:35
errTime:15-12-12 16:15:09
<\ERROR_INFO>
<ERROR_INFO>
errID:2
errStr:mysqli::mysqli(): (HY000/1045): Access denied for user 'root'@'localhost' (using password: YES)
errFile:IWEB_PATH/db\driver\mysqli_class.php
errLine:35
errTime:15-12-12 18:46:58
<\ERROR_INFO>
<ERROR_INFO>
errID:2
errStr:mysqli::mysqli(): (HY000/1049): Unknown database 'sunupedu_shop'
errFile:IWEB_PATH/db\driver\mysqli_class.php
errLine:35
errTime:15-12-12 18:48:38
<\ERROR_INFO>
<ERROR_INFO>
errID:2
errStr:mysqli::mysqli(): (HY000/1049): Unknown database 'sunupedu_shop'
errFile:IWEB_PATH/db\driver\mysqli_class.php
errLine:35
errTime:15-12-12 18:48:40
<\ERROR_INFO>
