<ERROR_INFO>
errID:8
errStr:Undefined index: img
errFile:IAPP_PATH/runtime\default\site\comments_list.php
errLine:164
errTime:15-11-03 05:09:06
<\ERROR_INFO>
<ERROR_INFO>
errID:8
errStr:Undefined index: img
errFile:IAPP_PATH/runtime\default\site\comments_list.php
errLine:164
errTime:15-11-03 05:09:09
<\ERROR_INFO>
<ERROR_INFO>
errID:8
errStr:Undefined index: img
errFile:IAPP_PATH/runtime\default\site\comments_list.php
errLine:164
errTime:15-11-03 05:09:13
<\ERROR_INFO>
<ERROR_INFO>
errID:8
errStr:Undefined index: img
errFile:IAPP_PATH/runtime\default\site\comments_list.php
errLine:164
errTime:15-11-03 05:09:16
<\ERROR_INFO>
<ERROR_INFO>
errID:8
errStr:Undefined index: img
errFile:IAPP_PATH/runtime\default\site\comments_list.php
errLine:164
errTime:15-11-03 05:09:19
<\ERROR_INFO>
<ERROR_INFO>
errID:8
errStr:Undefined index: img
errFile:IAPP_PATH/runtime\default\site\comments_list.php
errLine:164
errTime:15-11-03 05:09:22
<\ERROR_INFO>
<ERROR_INFO>
errID:8
errStr:Undefined index: name
errFile:IAPP_PATH/runtime\default\site\pic_show.php
errLine:38
errTime:15-11-03 05:12:55
<\ERROR_INFO>
<ERROR_INFO>
errID:8
errStr:Undefined index: name
errFile:IAPP_PATH/runtime\default\site\pic_show.php
errLine:38
errTime:15-11-03 05:12:58
<\ERROR_INFO>
<ERROR_INFO>
errID:8
errStr:Undefined index: name
errFile:IAPP_PATH/runtime\default\site\pic_show.php
errLine:38
errTime:15-11-03 05:13:01
<\ERROR_INFO>
<ERROR_INFO>
errID:8
errStr:Undefined index: name
errFile:IAPP_PATH/runtime\default\site\pic_show.php
errLine:38
errTime:15-11-03 05:13:04
<\ERROR_INFO>
<ERROR_INFO>
errID:8
errStr:Undefined index: name
errFile:IAPP_PATH/runtime\default\site\pic_show.php
errLine:38
errTime:15-11-03 05:13:07
<\ERROR_INFO>
<ERROR_INFO>
errID:8
errStr:Undefined index: name
errFile:IAPP_PATH/runtime\default\site\pic_show.php
errLine:38
errTime:15-11-03 05:13:10
<\ERROR_INFO>
<ERROR_INFO>
errID:8
errStr:Undefined index: name
errFile:IAPP_PATH/runtime\default\site\pic_show.php
errLine:38
errTime:15-11-03 05:13:13
<\ERROR_INFO>
<ERROR_INFO>
errID:8
errStr:Undefined index: name
errFile:IAPP_PATH/runtime\default\site\pic_show.php
errLine:38
errTime:15-11-03 05:13:16
<\ERROR_INFO>
