<ERROR_INFO>
errID:2
errStr:implode() [<a href='function.implode'>function.implode</a>]: Invalid arguments passed
errFile:IAPP_PATH/controllers\simple.php
errLine:1109
errTime:15-10-11 13:53:40
<\ERROR_INFO>
<ERROR_INFO>
errID:8
errStr:Undefined index: 初中八年级
errFile:IAPP_PATH/controllers\simple.php
errLine:1978
errTime:15-10-11 13:55:56
<\ERROR_INFO>
<ERROR_INFO>
errID:2
errStr:implode() [<a href='function.implode'>function.implode</a>]: Invalid arguments passed
errFile:IAPP_PATH/controllers\simple.php
errLine:1109
errTime:15-10-11 13:56:10
<\ERROR_INFO>
<ERROR_INFO>
errID:8
errStr:Undefined index: 初中九年级
errFile:IAPP_PATH/controllers\simple.php
errLine:1978
errTime:15-10-11 20:24:50
<\ERROR_INFO>
<ERROR_INFO>
errID:8
errStr:Undefined offset: 0
errFile:IAPP_PATH/controllers\simple.php
errLine:1974
errTime:15-10-11 20:28:26
<\ERROR_INFO>
<ERROR_INFO>
errID:8
errStr:Undefined index: 初中九年级
errFile:IAPP_PATH/controllers\simple.php
errLine:1978
errTime:15-10-11 22:00:03
<\ERROR_INFO>
<ERROR_INFO>
errID:8
errStr:Undefined index: 初中八年级
errFile:IAPP_PATH/controllers\simple.php
errLine:1978
errTime:15-10-11 22:56:43
<\ERROR_INFO>
