<ERROR_INFO>
errID:8
errStr:unserialize() [<a href='function.unserialize'>function.unserialize</a>]: Error at offset 103 of 634 bytes
errFile:D:\wamp\www\sunupedu\controllers\site.php
errLine:50
errTime:16-01-23 09:52:45
<\ERROR_INFO>
<ERROR_INFO>
errID:8
errStr:unserialize() [<a href='function.unserialize'>function.unserialize</a>]: Error at offset 103 of 634 bytes
errFile:D:\wamp\www\sunupedu\controllers\site.php
errLine:50
errTime:16-01-23 09:53:20
<\ERROR_INFO>
<ERROR_INFO>
errID:8
errStr:unserialize() [<a href='function.unserialize'>function.unserialize</a>]: Error at offset 103 of 634 bytes
errFile:D:\wamp\www\sunupedu\controllers\site.php
errLine:50
errTime:16-01-23 09:53:21
<\ERROR_INFO>
<ERROR_INFO>
errID:8
errStr:unserialize() [<a href='function.unserialize'>function.unserialize</a>]: Error at offset 103 of 634 bytes
errFile:D:\wamp\www\sunupedu\controllers\site.php
errLine:50
errTime:16-01-23 09:53:21
<\ERROR_INFO>
<ERROR_INFO>
errID:8
errStr:unserialize() [<a href='function.unserialize'>function.unserialize</a>]: Error at offset 103 of 634 bytes
errFile:D:\wamp\www\sunupedu\controllers\site.php
errLine:50
errTime:16-01-23 09:53:21
<\ERROR_INFO>
<ERROR_INFO>
errID:8
errStr:unserialize() [<a href='function.unserialize'>function.unserialize</a>]: Error at offset 103 of 634 bytes
errFile:D:\wamp\www\sunupedu\controllers\site.php
errLine:50
errTime:16-01-23 09:53:21
<\ERROR_INFO>
<ERROR_INFO>
errID:8
errStr:unserialize() [<a href='function.unserialize'>function.unserialize</a>]: Error at offset 103 of 628 bytes
errFile:D:\wamp\www\sunupedu\controllers\site.php
errLine:50
errTime:16-01-23 09:56:22
<\ERROR_INFO>
<ERROR_INFO>
errID:8
errStr:unserialize() [<a href='function.unserialize'>function.unserialize</a>]: Error at offset 103 of 610 bytes
errFile:D:\wamp\www\sunupedu\controllers\site.php
errLine:50
errTime:16-01-23 09:58:24
<\ERROR_INFO>
<ERROR_INFO>
errID:8
errStr:unserialize() [<a href='function.unserialize'>function.unserialize</a>]: Error at offset 103 of 610 bytes
errFile:D:\wamp\www\sunupedu\controllers\site.php
errLine:50
errTime:16-01-23 09:58:25
<\ERROR_INFO>
<ERROR_INFO>
errID:8
errStr:unserialize() [<a href='function.unserialize'>function.unserialize</a>]: Error at offset 73 of 610 bytes
errFile:D:\wamp\www\sunupedu\controllers\site.php
errLine:50
errTime:16-01-23 09:59:34
<\ERROR_INFO>
<ERROR_INFO>
errID:8
errStr:unserialize() [<a href='function.unserialize'>function.unserialize</a>]: Error at offset 73 of 610 bytes
errFile:D:\wamp\www\sunupedu\controllers\site.php
errLine:50
errTime:16-01-23 09:59:35
<\ERROR_INFO>
<ERROR_INFO>
errID:8
errStr:unserialize() [<a href='function.unserialize'>function.unserialize</a>]: Error at offset 73 of 610 bytes
errFile:D:\wamp\www\sunupedu\controllers\site.php
errLine:50
errTime:16-01-23 09:59:35
<\ERROR_INFO>
<ERROR_INFO>
errID:8
errStr:unserialize() [<a href='function.unserialize'>function.unserialize</a>]: Error at offset 73 of 610 bytes
errFile:D:\wamp\www\sunupedu\controllers\site.php
errLine:50
errTime:16-01-23 09:59:36
<\ERROR_INFO>
<ERROR_INFO>
errID:8
errStr:unserialize() [<a href='function.unserialize'>function.unserialize</a>]: Error at offset 103 of 630 bytes
errFile:D:\wamp\www\sunupedu\controllers\site.php
errLine:50
errTime:16-01-23 10:01:20
<\ERROR_INFO>
<ERROR_INFO>
errID:8
errStr:unserialize() [<a href='function.unserialize'>function.unserialize</a>]: Error at offset 103 of 630 bytes
errFile:D:\wamp\www\sunupedu\controllers\site.php
errLine:50
errTime:16-01-23 10:01:22
<\ERROR_INFO>
<ERROR_INFO>
errID:8
errStr:unserialize() [<a href='function.unserialize'>function.unserialize</a>]: Error at offset 103 of 630 bytes
errFile:D:\wamp\www\sunupedu\controllers\site.php
errLine:50
errTime:16-01-23 10:01:22
<\ERROR_INFO>
<ERROR_INFO>
errID:8
errStr:unserialize() [<a href='function.unserialize'>function.unserialize</a>]: Error at offset 103 of 630 bytes
errFile:D:\wamp\www\sunupedu\controllers\site.php
errLine:50
errTime:16-01-23 10:01:22
<\ERROR_INFO>
<ERROR_INFO>
errID:8
errStr:unserialize() [<a href='function.unserialize'>function.unserialize</a>]: Error at offset 103 of 630 bytes
errFile:D:\wamp\www\sunupedu\controllers\site.php
errLine:50
errTime:16-01-23 10:01:23
<\ERROR_INFO>
<ERROR_INFO>
errID:8
errStr:unserialize() [<a href='function.unserialize'>function.unserialize</a>]: Error at offset 103 of 630 bytes
errFile:D:\wamp\www\sunupedu\controllers\site.php
errLine:50
errTime:16-01-23 10:01:23
<\ERROR_INFO>
<ERROR_INFO>
errID:8
errStr:unserialize() [<a href='function.unserialize'>function.unserialize</a>]: Error at offset 103 of 630 bytes
errFile:D:\wamp\www\sunupedu\controllers\site.php
errLine:50
errTime:16-01-23 10:01:23
<\ERROR_INFO>
<ERROR_INFO>
errID:8
errStr:unserialize() [<a href='function.unserialize'>function.unserialize</a>]: Error at offset 103 of 630 bytes
errFile:D:\wamp\www\sunupedu\controllers\site.php
errLine:50
errTime:16-01-23 10:01:23
<\ERROR_INFO>
<ERROR_INFO>
errID:8
errStr:unserialize() [<a href='function.unserialize'>function.unserialize</a>]: Error at offset 103 of 630 bytes
errFile:D:\wamp\www\sunupedu\controllers\site.php
errLine:50
errTime:16-01-23 10:01:23
<\ERROR_INFO>
<ERROR_INFO>
errID:8
errStr:unserialize() [<a href='function.unserialize'>function.unserialize</a>]: Error at offset 103 of 630 bytes
errFile:D:\wamp\www\sunupedu\controllers\site.php
errLine:50
errTime:16-01-23 10:01:24
<\ERROR_INFO>
<ERROR_INFO>
errID:8
errStr:unserialize() [<a href='function.unserialize'>function.unserialize</a>]: Error at offset 103 of 630 bytes
errFile:D:\wamp\www\sunupedu\controllers\site.php
errLine:50
errTime:16-01-23 10:01:25
<\ERROR_INFO>
<ERROR_INFO>
errID:8
errStr:unserialize() [<a href='function.unserialize'>function.unserialize</a>]: Error at offset 103 of 630 bytes
errFile:D:\wamp\www\sunupedu\controllers\site.php
errLine:50
errTime:16-01-23 10:01:26
<\ERROR_INFO>
<ERROR_INFO>
errID:8
errStr:unserialize() [<a href='function.unserialize'>function.unserialize</a>]: Error at offset 103 of 630 bytes
errFile:D:\wamp\www\sunupedu\controllers\site.php
errLine:50
errTime:16-01-23 10:01:26
<\ERROR_INFO>
<ERROR_INFO>
errID:8
errStr:unserialize() [<a href='function.unserialize'>function.unserialize</a>]: Error at offset 103 of 630 bytes
errFile:D:\wamp\www\sunupedu\controllers\site.php
errLine:50
errTime:16-01-23 10:01:26
<\ERROR_INFO>
<ERROR_INFO>
errID:8
errStr:unserialize() [<a href='function.unserialize'>function.unserialize</a>]: Error at offset 103 of 630 bytes
errFile:D:\wamp\www\sunupedu\controllers\site.php
errLine:50
errTime:16-01-23 10:01:26
<\ERROR_INFO>
<ERROR_INFO>
errID:8
errStr:unserialize() [<a href='function.unserialize'>function.unserialize</a>]: Error at offset 103 of 630 bytes
errFile:D:\wamp\www\sunupedu\controllers\site.php
errLine:50
errTime:16-01-23 10:01:27
<\ERROR_INFO>
<ERROR_INFO>
errID:8
errStr:unserialize() [<a href='function.unserialize'>function.unserialize</a>]: Error at offset 103 of 630 bytes
errFile:D:\wamp\www\sunupedu\controllers\site.php
errLine:50
errTime:16-01-23 10:01:27
<\ERROR_INFO>
<ERROR_INFO>
errID:8
errStr:unserialize() [<a href='function.unserialize'>function.unserialize</a>]: Error at offset 103 of 630 bytes
errFile:D:\wamp\www\sunupedu\controllers\site.php
errLine:50
errTime:16-01-23 10:01:27
<\ERROR_INFO>
<ERROR_INFO>
errID:8
errStr:unserialize() [<a href='function.unserialize'>function.unserialize</a>]: Error at offset 103 of 630 bytes
errFile:D:\wamp\www\sunupedu\controllers\site.php
errLine:50
errTime:16-01-23 10:01:27
<\ERROR_INFO>
<ERROR_INFO>
errID:8
errStr:unserialize() [<a href='function.unserialize'>function.unserialize</a>]: Error at offset 103 of 630 bytes
errFile:D:\wamp\www\sunupedu\controllers\site.php
errLine:50
errTime:16-01-23 10:01:28
<\ERROR_INFO>
<ERROR_INFO>
errID:8
errStr:unserialize() [<a href='function.unserialize'>function.unserialize</a>]: Error at offset 103 of 630 bytes
errFile:D:\wamp\www\sunupedu\controllers\site.php
errLine:50
errTime:16-01-23 10:01:28
<\ERROR_INFO>
<ERROR_INFO>
errID:8
errStr:unserialize() [<a href='function.unserialize'>function.unserialize</a>]: Error at offset 103 of 630 bytes
errFile:D:\wamp\www\sunupedu\controllers\site.php
errLine:50
errTime:16-01-23 10:01:28
<\ERROR_INFO>
<ERROR_INFO>
errID:8
errStr:unserialize() [<a href='function.unserialize'>function.unserialize</a>]: Error at offset 103 of 630 bytes
errFile:D:\wamp\www\sunupedu\controllers\site.php
errLine:50
errTime:16-01-23 10:02:10
<\ERROR_INFO>
<ERROR_INFO>
errID:8
errStr:unserialize() [<a href='function.unserialize'>function.unserialize</a>]: Error at offset 103 of 630 bytes
errFile:D:\wamp\www\sunupedu\controllers\site.php
errLine:50
errTime:16-01-23 10:02:11
<\ERROR_INFO>
<ERROR_INFO>
errID:8
errStr:unserialize() [<a href='function.unserialize'>function.unserialize</a>]: Error at offset 103 of 630 bytes
errFile:D:\wamp\www\sunupedu\controllers\site.php
errLine:50
errTime:16-01-23 10:02:11
<\ERROR_INFO>
<ERROR_INFO>
errID:8
errStr:unserialize() [<a href='function.unserialize'>function.unserialize</a>]: Error at offset 103 of 630 bytes
errFile:D:\wamp\www\sunupedu\controllers\site.php
errLine:50
errTime:16-01-23 10:02:11
<\ERROR_INFO>
<ERROR_INFO>
errID:8
errStr:unserialize() [<a href='function.unserialize'>function.unserialize</a>]: Error at offset 103 of 630 bytes
errFile:D:\wamp\www\sunupedu\controllers\site.php
errLine:50
errTime:16-01-23 10:02:11
<\ERROR_INFO>
<ERROR_INFO>
errID:8
errStr:unserialize() [<a href='function.unserialize'>function.unserialize</a>]: Error at offset 103 of 630 bytes
errFile:D:\wamp\www\sunupedu\controllers\site.php
errLine:50
errTime:16-01-23 10:02:51
<\ERROR_INFO>
<ERROR_INFO>
errID:8
errStr:unserialize() [<a href='function.unserialize'>function.unserialize</a>]: Error at offset 103 of 630 bytes
errFile:D:\wamp\www\sunupedu\controllers\site.php
errLine:50
errTime:16-01-23 10:02:51
<\ERROR_INFO>
<ERROR_INFO>
errID:8
errStr:Use of undefined constant id - assumed 'id'
errFile:D:\wamp\www\sunupedu\runtime\sysseller\seller\order_list.php
errLine:152
errTime:16-01-23 10:56:00
<\ERROR_INFO>
<ERROR_INFO>
errID:8
errStr:Use of undefined constant id - assumed 'id'
errFile:D:\wamp\www\sunupedu\runtime\sysseller\seller\order_list.php
errLine:152
errTime:16-01-23 10:56:03
<\ERROR_INFO>
<ERROR_INFO>
errID:8
errStr:Use of undefined constant id - assumed 'id'
errFile:D:\wamp\www\sunupedu\runtime\sysseller\seller\order_list.php
errLine:152
errTime:16-01-23 10:56:04
<\ERROR_INFO>
<ERROR_INFO>
errID:8
errStr:Use of undefined constant id - assumed 'id'
errFile:D:\wamp\www\sunupedu\runtime\sysseller\seller\order_list.php
errLine:152
errTime:16-01-23 10:56:05
<\ERROR_INFO>
<ERROR_INFO>
errID:8
errStr:Use of undefined constant id - assumed 'id'
errFile:D:\wamp\www\sunupedu\runtime\sysseller\seller\order_list.php
errLine:152
errTime:16-01-23 10:56:22
<\ERROR_INFO>
<ERROR_INFO>
errID:8
errStr:Use of undefined constant id - assumed 'id'
errFile:D:\wamp\www\sunupedu\runtime\sysseller\seller\order_list.php
errLine:152
errTime:16-01-23 10:57:15
<\ERROR_INFO>
<ERROR_INFO>
errID:8
errStr:Use of undefined constant id - assumed 'id'
errFile:D:\wamp\www\sunupedu\runtime\sysseller\seller\order_list.php
errLine:152
errTime:16-01-23 10:57:22
<\ERROR_INFO>
<ERROR_INFO>
errID:8
errStr:Use of undefined constant id - assumed 'id'
errFile:D:\wamp\www\sunupedu\runtime\sysseller\seller\order_list.php
errLine:152
errTime:16-01-23 10:57:23
<\ERROR_INFO>
<ERROR_INFO>
errID:8
errStr:Use of undefined constant id - assumed 'id'
errFile:D:\wamp\www\sunupedu\runtime\sysseller\seller\order_list.php
errLine:152
errTime:16-01-23 10:57:26
<\ERROR_INFO>
<ERROR_INFO>
errID:8
errStr:Use of undefined constant id - assumed 'id'
errFile:D:\wamp\www\sunupedu\runtime\sysseller\seller\order_list.php
errLine:152
errTime:16-01-23 10:57:26
<\ERROR_INFO>
<ERROR_INFO>
errID:8
errStr:Use of undefined constant id - assumed 'id'
errFile:D:\wamp\www\sunupedu\runtime\sysseller\seller\order_list.php
errLine:152
errTime:16-01-23 10:57:27
<\ERROR_INFO>
<ERROR_INFO>
errID:8
errStr:Use of undefined constant id - assumed 'id'
errFile:D:\wamp\www\sunupedu\runtime\sysseller\seller\order_list.php
errLine:152
errTime:16-01-23 10:57:31
<\ERROR_INFO>
<ERROR_INFO>
errID:8
errStr:Use of undefined constant id - assumed 'id'
errFile:D:\wamp\www\sunupedu\runtime\sysseller\seller\order_list.php
errLine:152
errTime:16-01-23 11:15:12
<\ERROR_INFO>
<ERROR_INFO>
errID:8
errStr:Use of undefined constant id - assumed 'id'
errFile:D:\wamp\www\sunupedu\runtime\sysseller\seller\order_list.php
errLine:152
errTime:16-01-23 11:17:53
<\ERROR_INFO>
<ERROR_INFO>
errID:8
errStr:Use of undefined constant id - assumed 'id'
errFile:D:\wamp\www\sunupedu\runtime\sysseller\seller\order_list.php
errLine:152
errTime:16-01-23 11:17:56
<\ERROR_INFO>
<ERROR_INFO>
errID:8
errStr:Use of undefined constant id - assumed 'id'
errFile:D:\wamp\www\sunupedu\runtime\sysseller\seller\order_list.php
errLine:152
errTime:16-01-23 11:17:57
<\ERROR_INFO>
<ERROR_INFO>
errID:8
errStr:Undefined offset: 0
errFile:D:\wamp\www\sunupedu\controllers\seller.php
errLine:295
errTime:16-01-23 23:21:38
<\ERROR_INFO>
<ERROR_INFO>
Mess: INSERT INTO sunup_delivery_doc ( `order_id`,`user_id`,`name`,`postcode`,`telphone`,`province`,`city`,`area`,`address`,`mobile`,`freight`,`delivery_code`,`delivery_type`,`note`,`time`,`freight_id`,`seller_id` ) VALUES ( '1561','0','','0','','0','0','0','','','0','','','','2016-01-23 23:32:11','0','2' ) 
 -- Cannot add or update a child row: a foreign key constraint fails (`sunupedu_shop`.`sunup_delivery_doc`, CONSTRAINT `sunup_delivery_doc_ibfk_1` FOREIGN KEY (`freight_id`) REFERENCES `sunup_freight_company` (`id`))
Line: 130
File: IWEB_PATH/db\driver\mysqli_class.php
##Debug_backtrace:##
	Func:write          	Class:IMysqli        	Type:->   	Line:73   	File:IWEB_PATH/db\driver\mysqli_class.php
	Func:doSql          	Class:IMysqli        	Type:->   	Line:87   	File:IWEB_PATH/db\db_class.php
	Func:query          	Class:IDB            	Type:->   	Line:112  	File:IWEB_PATH/web\model\model_class.php
	Func:add            	Class:IModel         	Type:->   	Line:771  	File:D:\wamp\www\sunupedu\classes\order_class.php
	Func:sendDeliveryGoods	Class:Order_Class    	Type:::   	Line:297  	File:D:\wamp\www\sunupedu\controllers\seller.php
	Func:order_deliveries	Class:Seller         	Type:->   	Line:24   	File:IWEB_PATH/web\action\inline_action.php
	Func:run            	Class:IInlineAction  	Type:->   	Line:137  	File:IWEB_PATH/web\controller\controller_class.php
	Func:run            	Class:IController    	Type:->   	Line:29   	File:IWEB_PATH/core\webapplication_class.php
	Func:execRequest    	Class:IWebApplication	Type:->   	Line:108  	File:IWEB_PATH/core\application_class.php
	Func:run            	Class:IApplication   	Type:->   	Line:13   	File:D:\wamp\www\sunupedu\index.php
</ERROR_INFO>
