0 info it worked if it ends with ok
1 verbose cli [ 'D:\\nodejs\\\\node.exe',
1 verbose cli   'D:\\nodejs\\node_modules\\npm\\bin\\npm-cli.js',
1 verbose cli   'install',
1 verbose cli   '-g',
1 verbose cli   'express-generator' ]
2 info using npm@2.11.3
3 info using node@v0.12.7
4 verbose install initial load of C:\Users\lee\AppData\Roaming\npm\package.json
5 verbose readDependencies loading dependencies from C:\Users\lee\AppData\Roaming\npm\package.json
6 silly cache add args [ 'express-generator', null ]
7 verbose cache add spec express-generator
8 silly cache add parsed spec { raw: 'express-generator',
8 silly cache add   scope: null,
8 silly cache add   name: 'express-generator',
8 silly cache add   rawSpec: '',
8 silly cache add   spec: '*',
8 silly cache add   type: 'range' }
9 silly addNamed express-generator@*
10 verbose addNamed "*" is a valid semver range for express-generator
11 silly addNameRange { name: 'express-generator', range: '*', hasData: false }
12 silly mapToRegistry name express-generator
13 silly mapToRegistry using default registry
14 silly mapToRegistry registry https://registry.npmjs.org/
15 silly mapToRegistry uri https://registry.npmjs.org/express-generator
16 verbose addNameRange registry:https://registry.npmjs.org/express-generator not in flight; fetching
17 verbose request uri https://registry.npmjs.org/express-generator
18 verbose request no auth needed
19 info attempt registry request try #1 at 09:08:07
20 verbose request id ec28e7044e64aec2
21 http request GET https://registry.npmjs.org/express-generator
22 info retry will retry, error on last attempt: Error: read ECONNRESET
23 info attempt registry request try #2 at 09:08:39
24 http request GET https://registry.npmjs.org/express-generator
25 info retry will retry, error on last attempt: Error: read ECONNRESET
26 info attempt registry request try #3 at 09:10:05
27 http request GET https://registry.npmjs.org/express-generator
28 verbose stack Error: socket hang up
28 verbose stack     at createHangUpError (_http_client.js:215:15)
28 verbose stack     at TLSSocket.socketOnEnd (_http_client.js:300:23)
28 verbose stack     at TLSSocket.emit (events.js:129:20)
28 verbose stack     at _stream_readable.js:908:16
28 verbose stack     at process._tickCallback (node.js:355:11)
29 verbose cwd D:\wamp\www\yongge\music
30 error Windows_NT 6.3.9600
31 error argv "D:\\nodejs\\\\node.exe" "D:\\nodejs\\node_modules\\npm\\bin\\npm-cli.js" "install" "-g" "express-generator"
32 error node v0.12.7
33 error npm  v2.11.3
34 error code ECONNRESET
35 error network socket hang up
35 error network This is most likely not a problem with npm itself
35 error network and is related to network connectivity.
35 error network In most cases you are behind a proxy or have bad network settings.
35 error network
35 error network If you are behind a proxy, please make sure that the
35 error network 'proxy' config is set properly.  See: 'npm help config'
36 verbose exit [ 1, true ]
